[0.222s] Invoking command in '/home/spider/ws/build/spider_driver': CMAKE_PREFIX_PATH=/home/spider/ws/install/spider_msgs:/home/spider/ws/install/i2c_pwm_board:/home/spider/ws/install/i2c_pwm_board_xmlrp:/home/spider/ws/install/xmlrpcpp:/home/spider/ws/install/spider_driver:/home/spider/ws/install/i2c_pwm_board_calibration:/home/spider/ws/install/i2c_pwm_board_msgs:/home/spider/ws/install/spider_control:/opt/ros/humble LD_LIBRARY_PATH=/home/spider/ws/install/spider_msgs/lib:/home/spider/ws/install/i2c_pwm_board_xmlrp/lib:/home/spider/ws/install/xmlrpcpp/lib:/home/spider/ws/install/spider_driver/lib:/home/spider/ws/install/i2c_pwm_board_msgs/lib:/opt/ros/humble/opt/rviz_ogre_vendor/lib:/opt/ros/humble/lib/aarch64-linux-gnu:/opt/ros/humble/lib /usr/bin/cmake --build /home/spider/ws/build/spider_driver -- -j4 -l4
[0.868s] [35m[1mConsolidate compiler generated dependencies of target spider_driver[0m
[1.104s] [ 25%] [32mBuilding CXX object CMakeFiles/spider_driver.dir/src/spider_driver/ControllerNode.cpp.o[0m
[30.556s] [01m[K/home/spider/ws/src/spider_driver/src/spider_driver/ControllerNode.cpp:[m[K In lambda function:
[30.559s] [01m[K/home/spider/ws/src/spider_driver/src/spider_driver/ControllerNode.cpp:216:33:[m[K [01;31m[Kerror: [m[Kâ€˜[01m[Kthis[m[Kâ€™ was not captured for this lambda function
[30.561s]   216 |             int pwm = [01;31m[Krad_to_pwm(current[i], -1.5, 1.5, 100, 520)[m[K;
[30.562s]       |                       [01;31m[K~~~~~~~~~~^~~~~~~~~~~~~~~~~~~~~~~~~~~~~~~~~[m[K
[30.564s] [01m[K/home/spider/ws/src/spider_driver/src/spider_driver/ControllerNode.cpp:216:33:[m[K [01;31m[Kerror: [m[Kcannot call member function â€˜[01m[Kint controller::ControllerNode::rad_to_pwm(double, double, double, int, int)[m[Kâ€™ without object
[57.780s] gmake[2]: *** [CMakeFiles/spider_driver.dir/build.make:76: CMakeFiles/spider_driver.dir/src/spider_driver/ControllerNode.cpp.o] Error 1
[57.839s] gmake[1]: *** [CMakeFiles/Makefile2:139: CMakeFiles/spider_driver.dir/all] Error 2
[57.893s] gmake: *** [Makefile:146: all] Error 2
[59.476s] Invoked command in '/home/spider/ws/build/spider_driver' returned '2': CMAKE_PREFIX_PATH=/home/spider/ws/install/spider_msgs:/home/spider/ws/install/i2c_pwm_board:/home/spider/ws/install/i2c_pwm_board_xmlrp:/home/spider/ws/install/xmlrpcpp:/home/spider/ws/install/spider_driver:/home/spider/ws/install/i2c_pwm_board_calibration:/home/spider/ws/install/i2c_pwm_board_msgs:/home/spider/ws/install/spider_control:/opt/ros/humble LD_LIBRARY_PATH=/home/spider/ws/install/spider_msgs/lib:/home/spider/ws/install/i2c_pwm_board_xmlrp/lib:/home/spider/ws/install/xmlrpcpp/lib:/home/spider/ws/install/spider_driver/lib:/home/spider/ws/install/i2c_pwm_board_msgs/lib:/opt/ros/humble/opt/rviz_ogre_vendor/lib:/opt/ros/humble/lib/aarch64-linux-gnu:/opt/ros/humble/lib /usr/bin/cmake --build /home/spider/ws/build/spider_driver -- -j4 -l4
