[01m[K/home/spider/ws/src/spider_driver/src/spider_driver/ControllerNode.cpp:[m[K In constructor â€˜[01m[Kcontroller::ControllerNode::ControllerNode()[m[Kâ€™:
[01m[K/home/spider/ws/src/spider_driver/src/spider_driver/ControllerNode.cpp:63:5:[m[K [01;31m[Kerror: [m[Kâ€˜[01m[Ktimer_[m[Kâ€™ was not declared in this scope; did you mean â€˜[01m[Ktimer_t[m[Kâ€™?
   63 |     [01;31m[Ktimer_[m[K = this->create_wall_timer(
      |     [01;31m[K^~~~~~[m[K
      |     [32m[Ktimer_t[m[K
[01m[K/home/spider/ws/src/spider_driver/src/spider_driver/ControllerNode.cpp:64:46:[m[K [01;31m[Kerror: [m[Kâ€˜[01m[Kupdate_servos[m[Kâ€™ is not a member of â€˜[01m[Kcontroller::ControllerNode[m[Kâ€™
   64 |             20ms, std::bind(&ControllerNode::[01;31m[Kupdate_servos[m[K, this));
      |                                              [01;31m[K^~~~~~~~~~~~~[m[K
[01m[K/home/spider/ws/src/spider_driver/src/spider_driver/ControllerNode.cpp:[m[K In member function â€˜[01m[Kvoid controller::ControllerNode::configure_all_servos()[m[Kâ€™:
[01m[K/home/spider/ws/src/spider_driver/src/spider_driver/ControllerNode.cpp:85:14:[m[K [01;31m[Kerror: [m[Kno match for call to â€˜[01m[K(controller::ControllerNode::configure_all_servos()::<lambda(const int*, double*, double*)>) (int [3], double [3])[m[Kâ€™
   85 |     [01;31m[Kset_group(pca_frontleft_,  frontleft_pose_)[m[K;
      |     [01;31m[K~~~~~~~~~^~~~~~~~~~~~~~~~~~~~~~~~~~~~~~~~~~[m[K
[01m[K/home/spider/ws/src/spider_driver/src/spider_driver/ControllerNode.cpp:71:22:[m[K [01;36m[Knote: [m[Kcandidate: â€˜[01m[Kcontroller::ControllerNode::configure_all_servos()::<lambda(const int*, double*, double*)>[m[Kâ€™
   71 |     auto set_group = [01;36m[K[[m[K&](const int channels[3], double pose[3], double target[3]) {
      |                      [01;36m[K^[m[K
[01m[K/home/spider/ws/src/spider_driver/src/spider_driver/ControllerNode.cpp:71:22:[m[K [01;36m[Knote: [m[K  candidate expects 3 arguments, 2 provided
[01m[K/home/spider/ws/src/spider_driver/src/spider_driver/ControllerNode.cpp:86:14:[m[K [01;31m[Kerror: [m[Kno match for call to â€˜[01m[K(controller::ControllerNode::configure_all_servos()::<lambda(const int*, double*, double*)>) (int [3], double [3])[m[Kâ€™
   86 |     [01;31m[Kset_group(pca_frontright_, frontright_pose_)[m[K;
      |     [01;31m[K~~~~~~~~~^~~~~~~~~~~~~~~~~~~~~~~~~~~~~~~~~~~[m[K
[01m[K/home/spider/ws/src/spider_driver/src/spider_driver/ControllerNode.cpp:71:22:[m[K [01;36m[Knote: [m[Kcandidate: â€˜[01m[Kcontroller::ControllerNode::configure_all_servos()::<lambda(const int*, double*, double*)>[m[Kâ€™
   71 |     auto set_group = [01;36m[K[[m[K&](const int channels[3], double pose[3], double target[3]) {
      |                      [01;36m[K^[m[K
[01m[K/home/spider/ws/src/spider_driver/src/spider_driver/ControllerNode.cpp:71:22:[m[K [01;36m[Knote: [m[K  candidate expects 3 arguments, 2 provided
[01m[K/home/spider/ws/src/spider_driver/src/spider_driver/ControllerNode.cpp:87:14:[m[K [01;31m[Kerror: [m[Kno match for call to â€˜[01m[K(controller::ControllerNode::configure_all_servos()::<lambda(const int*, double*, double*)>) (int [3], double [3])[m[Kâ€™
   87 |     [01;31m[Kset_group(pca_backright_,  backright_pose_)[m[K;
      |     [01;31m[K~~~~~~~~~^~~~~~~~~~~~~~~~~~~~~~~~~~~~~~~~~~[m[K
[01m[K/home/spider/ws/src/spider_driver/src/spider_driver/ControllerNode.cpp:71:22:[m[K [01;36m[Knote: [m[Kcandidate: â€˜[01m[Kcontroller::ControllerNode::configure_all_servos()::<lambda(const int*, double*, double*)>[m[Kâ€™
   71 |     auto set_group = [01;36m[K[[m[K&](const int channels[3], double pose[3], double target[3]) {
      |                      [01;36m[K^[m[K
[01m[K/home/spider/ws/src/spider_driver/src/spider_driver/ControllerNode.cpp:71:22:[m[K [01;36m[Knote: [m[K  candidate expects 3 arguments, 2 provided
[01m[K/home/spider/ws/src/spider_driver/src/spider_driver/ControllerNode.cpp:88:14:[m[K [01;31m[Kerror: [m[Kno match for call to â€˜[01m[K(controller::ControllerNode::configure_all_servos()::<lambda(const int*, double*, double*)>) (int [3], double [3])[m[Kâ€™
   88 |     [01;31m[Kset_group(pca_backleft_,   backleft_pose_)[m[K;
      |     [01;31m[K~~~~~~~~~^~~~~~~~~~~~~~~~~~~~~~~~~~~~~~~~~[m[K
[01m[K/home/spider/ws/src/spider_driver/src/spider_driver/ControllerNode.cpp:71:22:[m[K [01;36m[Knote: [m[Kcandidate: â€˜[01m[Kcontroller::ControllerNode::configure_all_servos()::<lambda(const int*, double*, double*)>[m[Kâ€™
   71 |     auto set_group = [01;36m[K[[m[K&](const int channels[3], double pose[3], double target[3]) {
      |                      [01;36m[K^[m[K
[01m[K/home/spider/ws/src/spider_driver/src/spider_driver/ControllerNode.cpp:71:22:[m[K [01;36m[Knote: [m[K  candidate expects 3 arguments, 2 provided
[01m[K/home/spider/ws/src/spider_driver/src/spider_driver/ControllerNode.cpp:[m[K At global scope:
[01m[K/home/spider/ws/src/spider_driver/src/spider_driver/ControllerNode.cpp:156:6:[m[K [01;31m[Kerror: [m[Kno declaration matches â€˜[01m[Kvoid controller::ControllerNode::move_servo(const int*, spider_msgs::msg::SpiderLeg_<std::allocator<void> >::SharedPtr)[m[Kâ€™
  156 | void [01;31m[KControllerNode[m[K::move_servo(const int channels[3], const spider_msgs::msg::SpiderLeg::SharedPtr msg)
      |      [01;31m[K^~~~~~~~~~~~~~[m[K
In file included from [01m[K/home/spider/ws/src/spider_driver/src/spider_driver/ControllerNode.cpp:1[m[K:
[01m[K/home/spider/ws/src/spider_driver/include/spider_driver/ControllerNode.hpp:51:10:[m[K [01;36m[Knote: [m[Kcandidate is: â€˜[01m[Kvoid controller::ControllerNode::move_servo(const int*, double*, spider_msgs::msg::SpiderLeg_<std::allocator<void> >::SharedPtr)[m[Kâ€™
   51 |     void [01;36m[Kmove_servo[m[K(const int channels[3], double poses[3], const spider_msgs::msg::SpiderLeg::SharedPtr msg);
      |          [01;36m[K^~~~~~~~~~[m[K
[01m[K/home/spider/ws/src/spider_driver/include/spider_driver/ControllerNode.hpp:14:7:[m[K [01;36m[Knote: [m[Kâ€˜[01m[Kclass controller::ControllerNode[m[Kâ€™ defined here
   14 | class [01;36m[KControllerNode[m[K : public rclcpp::Node
      |       [01;36m[K^~~~~~~~~~~~~~[m[K
gmake[2]: *** [CMakeFiles/spider_driver.dir/build.make:76: CMakeFiles/spider_driver.dir/src/spider_driver/ControllerNode.cpp.o] Error 1
gmake[1]: *** [CMakeFiles/Makefile2:139: CMakeFiles/spider_driver.dir/all] Error 2
gmake: *** [Makefile:146: all] Error 2
