[0.272s] Invoking command in '/home/spider/ws/build/spider_driver': CMAKE_PREFIX_PATH=/home/spider/ws/install/spider_msgs:/home/spider/ws/install/i2c_pwm_board:/home/spider/ws/install/i2c_pwm_board_xmlrp:/home/spider/ws/install/xmlrpcpp:/home/spider/ws/install/spider_driver:/home/spider/ws/install/i2c_pwm_board_calibration:/home/spider/ws/install/i2c_pwm_board_msgs:/home/spider/ws/install/spider_control:/opt/ros/humble LD_LIBRARY_PATH=/home/spider/ws/install/spider_msgs/lib:/home/spider/ws/install/i2c_pwm_board_xmlrp/lib:/home/spider/ws/install/xmlrpcpp/lib:/home/spider/ws/install/spider_driver/lib:/home/spider/ws/install/i2c_pwm_board_msgs/lib:/opt/ros/humble/opt/rviz_ogre_vendor/lib:/opt/ros/humble/lib/aarch64-linux-gnu:/opt/ros/humble/lib /usr/bin/cmake --build /home/spider/ws/build/spider_driver -- -j4 -l4
[1.097s] [35m[1mConsolidate compiler generated dependencies of target spider_driver[0m
[1.333s] [ 25%] [32mBuilding CXX object CMakeFiles/spider_driver.dir/src/spider_driver/ControllerNode.cpp.o[0m
[27.170s] [01m[K/home/spider/ws/src/spider_driver/src/spider_driver/ControllerNode.cpp:[m[K In constructor â€˜[01m[Kcontroller::ControllerNode::ControllerNode()[m[Kâ€™:
[27.171s] [01m[K/home/spider/ws/src/spider_driver/src/spider_driver/ControllerNode.cpp:63:5:[m[K [01;31m[Kerror: [m[Kâ€˜[01m[Ktimer_[m[Kâ€™ was not declared in this scope; did you mean â€˜[01m[Ktimer_t[m[Kâ€™?
[27.172s]    63 |     [01;31m[Ktimer_[m[K = this->create_wall_timer(
[27.173s]       |     [01;31m[K^~~~~~[m[K
[27.175s]       |     [32m[Ktimer_t[m[K
[27.176s] [01m[K/home/spider/ws/src/spider_driver/src/spider_driver/ControllerNode.cpp:64:46:[m[K [01;31m[Kerror: [m[Kâ€˜[01m[Kupdate_servos[m[Kâ€™ is not a member of â€˜[01m[Kcontroller::ControllerNode[m[Kâ€™
[27.177s]    64 |             20ms, std::bind(&ControllerNode::[01;31m[Kupdate_servos[m[K, this));
[27.178s]       |                                              [01;31m[K^~~~~~~~~~~~~[m[K
[27.180s] [01m[K/home/spider/ws/src/spider_driver/src/spider_driver/ControllerNode.cpp:[m[K In member function â€˜[01m[Kvoid controller::ControllerNode::configure_all_servos()[m[Kâ€™:
[27.181s] [01m[K/home/spider/ws/src/spider_driver/src/spider_driver/ControllerNode.cpp:85:14:[m[K [01;31m[Kerror: [m[Kno match for call to â€˜[01m[K(controller::ControllerNode::configure_all_servos()::<lambda(const int*, double*, double*)>) (int [3], double [3])[m[Kâ€™
[27.182s]    85 |     [01;31m[Kset_group(pca_frontleft_,  frontleft_pose_)[m[K;
[27.183s]       |     [01;31m[K~~~~~~~~~^~~~~~~~~~~~~~~~~~~~~~~~~~~~~~~~~~[m[K
[27.184s] [01m[K/home/spider/ws/src/spider_driver/src/spider_driver/ControllerNode.cpp:71:22:[m[K [01;36m[Knote: [m[Kcandidate: â€˜[01m[Kcontroller::ControllerNode::configure_all_servos()::<lambda(const int*, double*, double*)>[m[Kâ€™
[27.184s]    71 |     auto set_group = [01;36m[K[[m[K&](const int channels[3], double pose[3], double target[3]) {
[27.185s]       |                      [01;36m[K^[m[K
[27.189s] [01m[K/home/spider/ws/src/spider_driver/src/spider_driver/ControllerNode.cpp:71:22:[m[K [01;36m[Knote: [m[K  candidate expects 3 arguments, 2 provided
[27.191s] [01m[K/home/spider/ws/src/spider_driver/src/spider_driver/ControllerNode.cpp:86:14:[m[K [01;31m[Kerror: [m[Kno match for call to â€˜[01m[K(controller::ControllerNode::configure_all_servos()::<lambda(const int*, double*, double*)>) (int [3], double [3])[m[Kâ€™
[27.192s]    86 |     [01;31m[Kset_group(pca_frontright_, frontright_pose_)[m[K;
[27.194s]       |     [01;31m[K~~~~~~~~~^~~~~~~~~~~~~~~~~~~~~~~~~~~~~~~~~~~[m[K
[27.195s] [01m[K/home/spider/ws/src/spider_driver/src/spider_driver/ControllerNode.cpp:71:22:[m[K [01;36m[Knote: [m[Kcandidate: â€˜[01m[Kcontroller::ControllerNode::configure_all_servos()::<lambda(const int*, double*, double*)>[m[Kâ€™
[27.197s]    71 |     auto set_group = [01;36m[K[[m[K&](const int channels[3], double pose[3], double target[3]) {
[27.198s]       |                      [01;36m[K^[m[K
[27.199s] [01m[K/home/spider/ws/src/spider_driver/src/spider_driver/ControllerNode.cpp:71:22:[m[K [01;36m[Knote: [m[K  candidate expects 3 arguments, 2 provided
[27.200s] [01m[K/home/spider/ws/src/spider_driver/src/spider_driver/ControllerNode.cpp:87:14:[m[K [01;31m[Kerror: [m[Kno match for call to â€˜[01m[K(controller::ControllerNode::configure_all_servos()::<lambda(const int*, double*, double*)>) (int [3], double [3])[m[Kâ€™
[27.201s]    87 |     [01;31m[Kset_group(pca_backright_,  backright_pose_)[m[K;
[27.202s]       |     [01;31m[K~~~~~~~~~^~~~~~~~~~~~~~~~~~~~~~~~~~~~~~~~~~[m[K
[27.203s] [01m[K/home/spider/ws/src/spider_driver/src/spider_driver/ControllerNode.cpp:71:22:[m[K [01;36m[Knote: [m[Kcandidate: â€˜[01m[Kcontroller::ControllerNode::configure_all_servos()::<lambda(const int*, double*, double*)>[m[Kâ€™
[27.204s]    71 |     auto set_group = [01;36m[K[[m[K&](const int channels[3], double pose[3], double target[3]) {
[27.205s]       |                      [01;36m[K^[m[K
[27.207s] [01m[K/home/spider/ws/src/spider_driver/src/spider_driver/ControllerNode.cpp:71:22:[m[K [01;36m[Knote: [m[K  candidate expects 3 arguments, 2 provided
[27.208s] [01m[K/home/spider/ws/src/spider_driver/src/spider_driver/ControllerNode.cpp:88:14:[m[K [01;31m[Kerror: [m[Kno match for call to â€˜[01m[K(controller::ControllerNode::configure_all_servos()::<lambda(const int*, double*, double*)>) (int [3], double [3])[m[Kâ€™
[27.209s]    88 |     [01;31m[Kset_group(pca_backleft_,   backleft_pose_)[m[K;
[27.211s]       |     [01;31m[K~~~~~~~~~^~~~~~~~~~~~~~~~~~~~~~~~~~~~~~~~~[m[K
[27.212s] [01m[K/home/spider/ws/src/spider_driver/src/spider_driver/ControllerNode.cpp:71:22:[m[K [01;36m[Knote: [m[Kcandidate: â€˜[01m[Kcontroller::ControllerNode::configure_all_servos()::<lambda(const int*, double*, double*)>[m[Kâ€™
[27.214s]    71 |     auto set_group = [01;36m[K[[m[K&](const int channels[3], double pose[3], double target[3]) {
[27.216s]       |                      [01;36m[K^[m[K
[27.218s] [01m[K/home/spider/ws/src/spider_driver/src/spider_driver/ControllerNode.cpp:71:22:[m[K [01;36m[Knote: [m[K  candidate expects 3 arguments, 2 provided
[27.231s] [01m[K/home/spider/ws/src/spider_driver/src/spider_driver/ControllerNode.cpp:[m[K At global scope:
[27.232s] [01m[K/home/spider/ws/src/spider_driver/src/spider_driver/ControllerNode.cpp:156:6:[m[K [01;31m[Kerror: [m[Kno declaration matches â€˜[01m[Kvoid controller::ControllerNode::move_servo(const int*, spider_msgs::msg::SpiderLeg_<std::allocator<void> >::SharedPtr)[m[Kâ€™
[27.233s]   156 | void [01;31m[KControllerNode[m[K::move_servo(const int channels[3], const spider_msgs::msg::SpiderLeg::SharedPtr msg)
[27.236s]       |      [01;31m[K^~~~~~~~~~~~~~[m[K
[27.238s] In file included from [01m[K/home/spider/ws/src/spider_driver/src/spider_driver/ControllerNode.cpp:1[m[K:
[27.239s] [01m[K/home/spider/ws/src/spider_driver/include/spider_driver/ControllerNode.hpp:51:10:[m[K [01;36m[Knote: [m[Kcandidate is: â€˜[01m[Kvoid controller::ControllerNode::move_servo(const int*, double*, spider_msgs::msg::SpiderLeg_<std::allocator<void> >::SharedPtr)[m[Kâ€™
[27.240s]    51 |     void [01;36m[Kmove_servo[m[K(const int channels[3], double poses[3], const spider_msgs::msg::SpiderLeg::SharedPtr msg);
[27.245s]       |          [01;36m[K^~~~~~~~~~[m[K
[27.246s] [01m[K/home/spider/ws/src/spider_driver/include/spider_driver/ControllerNode.hpp:14:7:[m[K [01;36m[Knote: [m[Kâ€˜[01m[Kclass controller::ControllerNode[m[Kâ€™ defined here
[27.247s]    14 | class [01;36m[KControllerNode[m[K : public rclcpp::Node
[27.248s]       |       [01;36m[K^~~~~~~~~~~~~~[m[K
[53.282s] gmake[2]: *** [CMakeFiles/spider_driver.dir/build.make:76: CMakeFiles/spider_driver.dir/src/spider_driver/ControllerNode.cpp.o] Error 1
[53.401s] gmake[1]: *** [CMakeFiles/Makefile2:139: CMakeFiles/spider_driver.dir/all] Error 2
[53.403s] gmake: *** [Makefile:146: all] Error 2
[54.717s] Invoked command in '/home/spider/ws/build/spider_driver' returned '2': CMAKE_PREFIX_PATH=/home/spider/ws/install/spider_msgs:/home/spider/ws/install/i2c_pwm_board:/home/spider/ws/install/i2c_pwm_board_xmlrp:/home/spider/ws/install/xmlrpcpp:/home/spider/ws/install/spider_driver:/home/spider/ws/install/i2c_pwm_board_calibration:/home/spider/ws/install/i2c_pwm_board_msgs:/home/spider/ws/install/spider_control:/opt/ros/humble LD_LIBRARY_PATH=/home/spider/ws/install/spider_msgs/lib:/home/spider/ws/install/i2c_pwm_board_xmlrp/lib:/home/spider/ws/install/xmlrpcpp/lib:/home/spider/ws/install/spider_driver/lib:/home/spider/ws/install/i2c_pwm_board_msgs/lib:/opt/ros/humble/opt/rviz_ogre_vendor/lib:/opt/ros/humble/lib/aarch64-linux-gnu:/opt/ros/humble/lib /usr/bin/cmake --build /home/spider/ws/build/spider_driver -- -j4 -l4
