[0.162s] Invoking command in '/home/spider/ws/build/spider_driver': CMAKE_PREFIX_PATH=/home/spider/ws/install/spider_msgs:/home/spider/ws/install/i2c_pwm_board:/home/spider/ws/install/i2c_pwm_board_xmlrp:/home/spider/ws/install/xmlrpcpp:/home/spider/ws/install/spider_driver:/home/spider/ws/install/i2c_pwm_board_calibration:/home/spider/ws/install/i2c_pwm_board_msgs:/home/spider/ws/install/spider_control:/opt/ros/humble LD_LIBRARY_PATH=/home/spider/ws/install/spider_msgs/lib:/home/spider/ws/install/i2c_pwm_board_xmlrp/lib:/home/spider/ws/install/xmlrpcpp/lib:/home/spider/ws/install/spider_driver/lib:/home/spider/ws/install/i2c_pwm_board_msgs/lib:/opt/ros/humble/opt/rviz_ogre_vendor/lib:/opt/ros/humble/lib/aarch64-linux-gnu:/opt/ros/humble/lib /usr/bin/cmake --build /home/spider/ws/build/spider_driver -- -j4 -l4
[0.743s] [35m[1mConsolidate compiler generated dependencies of target spider_driver[0m
[1.024s] [ 25%] [32mBuilding CXX object CMakeFiles/spider_driver.dir/src/spider_driver/ControllerNode.cpp.o[0m
[27.885s] [01m[K/home/spider/ws/src/spider_driver/src/spider_driver/ControllerNode.cpp:[m[K In member function â€˜[01m[Kvoid controller::ControllerNode::configure_all_servos()[m[Kâ€™:
[27.887s] [01m[K/home/spider/ws/src/spider_driver/src/spider_driver/ControllerNode.cpp:73:32:[m[K [01;31m[Kerror: [m[Kâ€˜[01m[Kfrontleft_pose[m[Kâ€™ was not declared in this scope; did you mean â€˜[01m[Kfrontleft_pose_[m[Kâ€™?
[27.888s]    73 |     set_group(pca_frontleft_,  [01;31m[Kfrontleft_pose[m[K);
[27.889s]       |                                [01;31m[K^~~~~~~~~~~~~~[m[K
[27.891s]       |                                [32m[Kfrontleft_pose_[m[K
[27.927s] [01m[K/home/spider/ws/src/spider_driver/src/spider_driver/ControllerNode.cpp:74:32:[m[K [01;31m[Kerror: [m[Kâ€˜[01m[Kfrontright_pose[m[Kâ€™ was not declared in this scope; did you mean â€˜[01m[Kfrontright_pose_[m[Kâ€™?
[27.928s]    74 |     set_group(pca_frontright_, [01;31m[Kfrontright_pose[m[K);
[27.930s]       |                                [01;31m[K^~~~~~~~~~~~~~~[m[K
[27.931s]       |                                [32m[Kfrontright_pose_[m[K
[27.969s] [01m[K/home/spider/ws/src/spider_driver/src/spider_driver/ControllerNode.cpp:75:32:[m[K [01;31m[Kerror: [m[Kâ€˜[01m[Kbackright_pose[m[Kâ€™ was not declared in this scope; did you mean â€˜[01m[Kbackright_pose_[m[Kâ€™?
[27.970s]    75 |     set_group(pca_backright_,  [01;31m[Kbackright_pose[m[K);
[27.971s]       |                                [01;31m[K^~~~~~~~~~~~~~[m[K
[27.972s]       |                                [32m[Kbackright_pose_[m[K
[28.011s] [01m[K/home/spider/ws/src/spider_driver/src/spider_driver/ControllerNode.cpp:76:32:[m[K [01;31m[Kerror: [m[Kâ€˜[01m[Kbackleft_pose[m[Kâ€™ was not declared in this scope; did you mean â€˜[01m[Kbackleft_pose_[m[Kâ€™?
[28.013s]    76 |     set_group(pca_backleft_,   [01;31m[Kbackleft_pose[m[K);
[28.014s]       |                                [01;31m[K^~~~~~~~~~~~~[m[K
[28.015s]       |                                [32m[Kbackleft_pose_[m[K
[28.039s] [01m[K/home/spider/ws/src/spider_driver/src/spider_driver/ControllerNode.cpp:[m[K In member function â€˜[01m[Kvoid controller::ControllerNode::frontleft(spider_msgs::msg::SpiderLeg_<std::allocator<void> >::SharedPtr)[m[Kâ€™:
[28.042s] [01m[K/home/spider/ws/src/spider_driver/src/spider_driver/ControllerNode.cpp:96:65:[m[K [01;31m[Kerror: [m[Kexpected â€˜[01m[K;[m[Kâ€™ before â€˜[01m[Kprint[m[Kâ€™
[28.045s]    96 |         set_pose(frontleft_pose_, msg->hip, msg->leg, msg->foot)
[28.046s]       |                                                                 [01;31m[K^[m[K
[28.049s]       |                                                                 [32m[K;[m[K
[28.050s]    97 |         [32m[Kprint[m[K("SMOOTH MOVEMENT");
[28.052s]       |         [32m[K~~~~~[m[K                                                    
[28.053s] [01m[K/home/spider/ws/src/spider_driver/src/spider_driver/ControllerNode.cpp:[m[K In member function â€˜[01m[Kvoid controller::ControllerNode::frontright(spider_msgs::msg::SpiderLeg_<std::allocator<void> >::SharedPtr)[m[Kâ€™:
[28.054s] [01m[K/home/spider/ws/src/spider_driver/src/spider_driver/ControllerNode.cpp:106:66:[m[K [01;31m[Kerror: [m[Kexpected â€˜[01m[K;[m[Kâ€™ before â€˜[01m[Kprint[m[Kâ€™
[28.055s]   106 |         set_pose(frontright_pose_, msg->hip, msg->leg, msg->foot)
[28.056s]       |                                                                  [01;31m[K^[m[K
[28.057s]       |                                                                  [32m[K;[m[K
[28.058s]   107 |         [32m[Kprint[m[K("SMOOTH MOVEMENT");
[28.059s]       |         [32m[K~~~~~[m[K                                                     
[28.060s] [01m[K/home/spider/ws/src/spider_driver/src/spider_driver/ControllerNode.cpp:[m[K In member function â€˜[01m[Kvoid controller::ControllerNode::backright(spider_msgs::msg::SpiderLeg_<std::allocator<void> >::SharedPtr)[m[Kâ€™:
[28.062s] [01m[K/home/spider/ws/src/spider_driver/src/spider_driver/ControllerNode.cpp:116:65:[m[K [01;31m[Kerror: [m[Kexpected â€˜[01m[K;[m[Kâ€™ before â€˜[01m[Kprint[m[Kâ€™
[28.063s]   116 |         set_pose(backright_pose_, msg->hip, msg->leg, msg->foot)
[28.064s]       |                                                                 [01;31m[K^[m[K
[28.065s]       |                                                                 [32m[K;[m[K
[28.066s]   117 |         [32m[Kprint[m[K("SMOOTH MOVEMENT");
[28.068s]       |         [32m[K~~~~~[m[K                                                    
[28.069s] [01m[K/home/spider/ws/src/spider_driver/src/spider_driver/ControllerNode.cpp:[m[K In member function â€˜[01m[Kvoid controller::ControllerNode::backleft(spider_msgs::msg::SpiderLeg_<std::allocator<void> >::SharedPtr)[m[Kâ€™:
[28.070s] [01m[K/home/spider/ws/src/spider_driver/src/spider_driver/ControllerNode.cpp:126:64:[m[K [01;31m[Kerror: [m[Kexpected â€˜[01m[K;[m[Kâ€™ before â€˜[01m[Kprint[m[Kâ€™
[28.071s]   126 |         set_pose(backleft_pose_, msg->hip, msg->leg, msg->foot)
[28.073s]       |                                                                [01;31m[K^[m[K
[28.074s]       |                                                                [32m[K;[m[K
[28.075s]   127 |         [32m[Kprint[m[K("SMOOTH MOVEMENT");
[28.076s]       |         [32m[K~~~~~[m[K                                                   
[28.077s] [01m[K/home/spider/ws/src/spider_driver/src/spider_driver/ControllerNode.cpp:[m[K At global scope:
[28.078s] [01m[K/home/spider/ws/src/spider_driver/src/spider_driver/ControllerNode.cpp:140:6:[m[K [01;31m[Kerror: [m[Kno declaration matches â€˜[01m[Kvoid controller::ControllerNode::move_servo(const int*, int*, spider_msgs::msg::SpiderLeg_<std::allocator<void> >::SharedPtr)[m[Kâ€™
[28.079s]   140 | void [01;31m[KControllerNode[m[K::move_servo(const int channels[3], int poses[3], const spider_msgs::msg::SpiderLeg::SharedPtr msg)
[28.080s]       |      [01;31m[K^~~~~~~~~~~~~~[m[K
[28.081s] In file included from [01m[K/home/spider/ws/src/spider_driver/src/spider_driver/ControllerNode.cpp:1[m[K:
[28.082s] [01m[K/home/spider/ws/src/spider_driver/include/spider_driver/ControllerNode.hpp:46:10:[m[K [01;36m[Knote: [m[Kcandidate is: â€˜[01m[Kvoid controller::ControllerNode::move_servo(const int*, double*, spider_msgs::msg::SpiderLeg_<std::allocator<void> >::SharedPtr)[m[Kâ€™
[28.084s]    46 |     void [01;36m[Kmove_servo[m[K(const int channels[3], double poses[3], const spider_msgs::msg::SpiderLeg::SharedPtr msg);
[28.085s]       |          [01;36m[K^~~~~~~~~~[m[K
[28.086s] [01m[K/home/spider/ws/src/spider_driver/include/spider_driver/ControllerNode.hpp:14:7:[m[K [01;36m[Knote: [m[Kâ€˜[01m[Kclass controller::ControllerNode[m[Kâ€™ defined here
[28.087s]    14 | class [01;36m[KControllerNode[m[K : public rclcpp::Node
[28.088s]       |       [01;36m[K^~~~~~~~~~~~~~[m[K
[28.107s] [01m[K/home/spider/ws/src/spider_driver/src/spider_driver/ControllerNode.cpp:187:14:[m[K [01;31m[Kerror: [m[Kexpected constructor, destructor, or type conversion before â€˜[01m[K([m[Kâ€™ token
[28.108s]   187 |     set_group[01;31m[K([m[Kpca_frontright_, frontright_pose);
[28.109s]       |              [01;31m[K^[m[K
[28.110s] [01m[K/home/spider/ws/src/spider_driver/src/spider_driver/ControllerNode.cpp:188:14:[m[K [01;31m[Kerror: [m[Kexpected constructor, destructor, or type conversion before â€˜[01m[K([m[Kâ€™ token
[28.111s]   188 |     set_group[01;31m[K([m[Kpca_backright_,  backright_pose);
[28.112s]       |              [01;31m[K^[m[K
[28.113s] [01m[K/home/spider/ws/src/spider_driver/src/spider_driver/ControllerNode.cpp:189:14:[m[K [01;31m[Kerror: [m[Kexpected constructor, destructor, or type conversion before â€˜[01m[K([m[Kâ€™ token
[28.114s]   189 |     set_group[01;31m[K([m[Kpca_backleft_,   backleft_pose);
[28.115s]       |              [01;31m[K^[m[K
[28.116s] In file included from [01m[K/opt/ros/humble/include/rclcpp/rclcpp/client.hpp:40[m[K,
[28.117s]                  from [01m[K/opt/ros/humble/include/rclcpp/rclcpp/callback_group.hpp:24[m[K,
[28.118s]                  from [01m[K/opt/ros/humble/include/rclcpp/rclcpp/any_executable.hpp:20[m[K,
[28.119s]                  from [01m[K/opt/ros/humble/include/rclcpp/rclcpp/memory_strategy.hpp:25[m[K,
[28.120s]                  from [01m[K/opt/ros/humble/include/rclcpp/rclcpp/memory_strategies.hpp:18[m[K,
[28.122s]                  from [01m[K/opt/ros/humble/include/rclcpp/rclcpp/executor_options.hpp:20[m[K,
[28.123s]                  from [01m[K/opt/ros/humble/include/rclcpp/rclcpp/executor.hpp:37[m[K,
[28.124s]                  from [01m[K/opt/ros/humble/include/rclcpp/rclcpp/executors/multi_threaded_executor.hpp:25[m[K,
[28.125s]                  from [01m[K/opt/ros/humble/include/rclcpp/rclcpp/executors.hpp:21[m[K,
[28.126s]                  from [01m[K/opt/ros/humble/include/rclcpp/rclcpp/rclcpp.hpp:155[m[K,
[28.128s]                  from [01m[K/home/spider/ws/src/spider_driver/include/spider_driver/ControllerNode.hpp:4[m[K,
[28.130s]                  from [01m[K/home/spider/ws/src/spider_driver/src/spider_driver/ControllerNode.cpp:1[m[K:
[28.132s] [01m[K/home/spider/ws/src/spider_driver/src/spider_driver/ControllerNode.cpp:191:5:[m[K [01;31m[Kerror: [m[Kexpected unqualified-id before â€˜[01m[Kdo[m[Kâ€™
[28.133s]   191 |     [01;31m[KRCLCPP_INFO[m[K(this->get_logger(), "Servos rad %.2f â†’ PWM %d", initial_rad_, pwm_init);
[28.134s]       |     [01;31m[K^~~~~~~~~~~[m[K
[28.135s] [01m[K/home/spider/ws/src/spider_driver/src/spider_driver/ControllerNode.cpp:191:5:[m[K [01;31m[Kerror: [m[Kexpected unqualified-id before â€˜[01m[Kwhile[m[Kâ€™
[28.135s]   191 |     [01;31m[KRCLCPP_INFO[m[K(this->get_logger(), "Servos rad %.2f â†’ PWM %d", initial_rad_, pwm_init);
[28.136s]       |     [01;31m[K^~~~~~~~~~~[m[K
[28.138s] [01m[K/home/spider/ws/src/spider_driver/src/spider_driver/ControllerNode.cpp:192:1:[m[K [01;31m[Kerror: [m[Kexpected declaration before â€˜[01m[K}[m[Kâ€™ token
[28.139s]   192 | [01;31m[K}[m[K
[28.141s]       | [01;31m[K^[m[K
[28.142s] [01m[K/home/spider/ws/src/spider_driver/src/spider_driver/ControllerNode.cpp:197:6:[m[K [01;31m[Kerror: [m[Kâ€˜[01m[KControllerNode[m[Kâ€™ has not been declared
[28.143s]   197 | void [01;31m[KControllerNode[m[K::frontleft(const spider_msgs::msg::SpiderLeg::SharedPtr msg)
[28.144s]       |      [01;31m[K^~~~~~~~~~~~~~[m[K
[28.154s] [01m[K/home/spider/ws/src/spider_driver/src/spider_driver/ControllerNode.cpp:[m[K In function â€˜[01m[Kvoid frontleft(spider_msgs::msg::SpiderLeg_<std::allocator<void> >::SharedPtr)[m[Kâ€™:
[28.156s] [01m[K/home/spider/ws/src/spider_driver/src/spider_driver/ControllerNode.cpp:200:16:[m[K [01;31m[Kerror: [m[Kâ€˜[01m[Kpca_frontleft_[m[Kâ€™ was not declared in this scope; did you mean â€˜[01m[Kfrontleft[m[Kâ€™?
[28.157s]   200 |     move_servo([01;31m[Kpca_frontleft_[m[K, frontleft_pose_, msg);
[28.158s]       |                [01;31m[K^~~~~~~~~~~~~~[m[K
[28.160s]       |                [32m[Kfrontleft[m[K
[28.199s] [01m[K/home/spider/ws/src/spider_driver/src/spider_driver/ControllerNode.cpp:200:32:[m[K [01;31m[Kerror: [m[Kâ€˜[01m[Kfrontleft_pose_[m[Kâ€™ was not declared in this scope
[28.201s]   200 |     move_servo(pca_frontleft_, [01;31m[Kfrontleft_pose_[m[K, msg);
[28.203s]       |                                [01;31m[K^~~~~~~~~~~~~~~[m[K
[28.237s] [01m[K/home/spider/ws/src/spider_driver/src/spider_driver/ControllerNode.cpp:200:5:[m[K [01;31m[Kerror: [m[Kâ€˜[01m[Kmove_servo[m[Kâ€™ was not declared in this scope
[28.238s]   200 |     [01;31m[Kmove_servo[m[K(pca_frontleft_, frontleft_pose_, msg);
[28.239s]       |     [01;31m[K^~~~~~~~~~[m[K
[28.263s] [01m[K/home/spider/ws/src/spider_driver/src/spider_driver/ControllerNode.cpp:202:5:[m[K [01;31m[Kerror: [m[Kâ€˜[01m[Kprint[m[Kâ€™ was not declared in this scope; did you mean â€˜[01m[Krint[m[Kâ€™?
[28.264s]   202 |     [01;31m[Kprint[m[K("SMOOTH MOVEMENT");
[28.265s]       |     [01;31m[K^~~~~[m[K
[28.266s]       |     [32m[Krint[m[K
[28.267s] [01m[K/home/spider/ws/src/spider_driver/src/spider_driver/ControllerNode.cpp:[m[K At global scope:
[28.268s] [01m[K/home/spider/ws/src/spider_driver/src/spider_driver/ControllerNode.cpp:206:6:[m[K [01;31m[Kerror: [m[Kâ€˜[01m[KControllerNode[m[Kâ€™ has not been declared
[28.269s]   206 | void [01;31m[KControllerNode[m[K::frontright(const spider_msgs::msg::SpiderLeg::SharedPtr msg)
[28.270s]       |      [01;31m[K^~~~~~~~~~~~~~[m[K
[28.308s] [01m[K/home/spider/ws/src/spider_driver/src/spider_driver/ControllerNode.cpp:[m[K In function â€˜[01m[Kvoid frontright(spider_msgs::msg::SpiderLeg_<std::allocator<void> >::SharedPtr)[m[Kâ€™:
[28.309s] [01m[K/home/spider/ws/src/spider_driver/src/spider_driver/ControllerNode.cpp:209:16:[m[K [01;31m[Kerror: [m[Kâ€˜[01m[Kpca_frontright_[m[Kâ€™ was not declared in this scope; did you mean â€˜[01m[Kfrontright[m[Kâ€™?
[28.310s]   209 |     move_servo([01;31m[Kpca_frontright_[m[K, frontright_pose_, msg);
[28.311s]       |                [01;31m[K^~~~~~~~~~~~~~~[m[K
[28.312s]       |                [32m[Kfrontright[m[K
[28.356s] [01m[K/home/spider/ws/src/spider_driver/src/spider_driver/ControllerNode.cpp:209:33:[m[K [01;31m[Kerror: [m[Kâ€˜[01m[Kfrontright_pose_[m[Kâ€™ was not declared in this scope; did you mean â€˜[01m[Kfrontright[m[Kâ€™?
[28.357s]   209 |     move_servo(pca_frontright_, [01;31m[Kfrontright_pose_[m[K, msg);
[28.358s]       |                                 [01;31m[K^~~~~~~~~~~~~~~~[m[K
[28.359s]       |                                 [32m[Kfrontright[m[K
[28.391s] [01m[K/home/spider/ws/src/spider_driver/src/spider_driver/ControllerNode.cpp:209:5:[m[K [01;31m[Kerror: [m[Kâ€˜[01m[Kmove_servo[m[Kâ€™ was not declared in this scope
[28.392s]   209 |     [01;31m[Kmove_servo[m[K(pca_frontright_, frontright_pose_, msg);
[28.393s]       |     [01;31m[K^~~~~~~~~~[m[K
[28.417s] [01m[K/home/spider/ws/src/spider_driver/src/spider_driver/ControllerNode.cpp:211:5:[m[K [01;31m[Kerror: [m[Kâ€˜[01m[Kprint[m[Kâ€™ was not declared in this scope; did you mean â€˜[01m[Krint[m[Kâ€™?
[28.418s]   211 |     [01;31m[Kprint[m[K("SMOOTH MOVEMENT");
[28.419s]       |     [01;31m[K^~~~~[m[K
[28.420s]       |     [32m[Krint[m[K
[28.421s] [01m[K/home/spider/ws/src/spider_driver/src/spider_driver/ControllerNode.cpp:[m[K At global scope:
[28.422s] [01m[K/home/spider/ws/src/spider_driver/src/spider_driver/ControllerNode.cpp:215:6:[m[K [01;31m[Kerror: [m[Kâ€˜[01m[KControllerNode[m[Kâ€™ has not been declared
[28.423s]   215 | void [01;31m[KControllerNode[m[K::backright(const spider_msgs::msg::SpiderLeg::SharedPtr msg)
[28.424s]       |      [01;31m[K^~~~~~~~~~~~~~[m[K
[28.461s] [01m[K/home/spider/ws/src/spider_driver/src/spider_driver/ControllerNode.cpp:[m[K In function â€˜[01m[Kvoid backright(spider_msgs::msg::SpiderLeg_<std::allocator<void> >::SharedPtr)[m[Kâ€™:
[28.462s] [01m[K/home/spider/ws/src/spider_driver/src/spider_driver/ControllerNode.cpp:218:16:[m[K [01;31m[Kerror: [m[Kâ€˜[01m[Kpca_backright_[m[Kâ€™ was not declared in this scope; did you mean â€˜[01m[Kbackright[m[Kâ€™?
[28.463s]   218 |     move_servo([01;31m[Kpca_backright_[m[K, backright_pose_, msg);
[28.464s]       |                [01;31m[K^~~~~~~~~~~~~~[m[K
[28.465s]       |                [32m[Kbackright[m[K
[28.505s] [01m[K/home/spider/ws/src/spider_driver/src/spider_driver/ControllerNode.cpp:218:32:[m[K [01;31m[Kerror: [m[Kâ€˜[01m[Kbackright_pose_[m[Kâ€™ was not declared in this scope
[28.506s]   218 |     move_servo(pca_backright_, [01;31m[Kbackright_pose_[m[K, msg);
[28.507s]       |                                [01;31m[K^~~~~~~~~~~~~~~[m[K
[28.542s] [01m[K/home/spider/ws/src/spider_driver/src/spider_driver/ControllerNode.cpp:218:5:[m[K [01;31m[Kerror: [m[Kâ€˜[01m[Kmove_servo[m[Kâ€™ was not declared in this scope
[28.543s]   218 |     [01;31m[Kmove_servo[m[K(pca_backright_, backright_pose_, msg);
[28.544s]       |     [01;31m[K^~~~~~~~~~[m[K
[28.566s] [01m[K/home/spider/ws/src/spider_driver/src/spider_driver/ControllerNode.cpp:220:5:[m[K [01;31m[Kerror: [m[Kâ€˜[01m[Kprint[m[Kâ€™ was not declared in this scope; did you mean â€˜[01m[Krint[m[Kâ€™?
[28.567s]   220 |     [01;31m[Kprint[m[K("SMOOTH MOVEMENT");
[28.568s]       |     [01;31m[K^~~~~[m[K
[28.569s]       |     [32m[Krint[m[K
[28.570s] [01m[K/home/spider/ws/src/spider_driver/src/spider_driver/ControllerNode.cpp:[m[K At global scope:
[28.571s] [01m[K/home/spider/ws/src/spider_driver/src/spider_driver/ControllerNode.cpp:224:6:[m[K [01;31m[Kerror: [m[Kâ€˜[01m[KControllerNode[m[Kâ€™ has not been declared
[28.572s]   224 | void [01;31m[KControllerNode[m[K::backleft(const spider_msgs::msg::SpiderLeg::SharedPtr msg)
[28.573s]       |      [01;31m[K^~~~~~~~~~~~~~[m[K
[28.608s] [01m[K/home/spider/ws/src/spider_driver/src/spider_driver/ControllerNode.cpp:[m[K In function â€˜[01m[Kvoid backleft(spider_msgs::msg::SpiderLeg_<std::allocator<void> >::SharedPtr)[m[Kâ€™:
[28.609s] [01m[K/home/spider/ws/src/spider_driver/src/spider_driver/ControllerNode.cpp:227:16:[m[K [01;31m[Kerror: [m[Kâ€˜[01m[Kpca_backleft_[m[Kâ€™ was not declared in this scope; did you mean â€˜[01m[Kbackleft[m[Kâ€™?
[28.610s]   227 |     move_servo([01;31m[Kpca_backleft_[m[K, backleft_pose_, msg);
[28.611s]       |                [01;31m[K^~~~~~~~~~~~~[m[K
[28.612s]       |                [32m[Kbackleft[m[K
[28.650s] [01m[K/home/spider/ws/src/spider_driver/src/spider_driver/ControllerNode.cpp:227:31:[m[K [01;31m[Kerror: [m[Kâ€˜[01m[Kbackleft_pose_[m[Kâ€™ was not declared in this scope
[28.651s]   227 |     move_servo(pca_backleft_, [01;31m[Kbackleft_pose_[m[K, msg);
[28.652s]       |                               [01;31m[K^~~~~~~~~~~~~~[m[K
[28.685s] [01m[K/home/spider/ws/src/spider_driver/src/spider_driver/ControllerNode.cpp:227:5:[m[K [01;31m[Kerror: [m[Kâ€˜[01m[Kmove_servo[m[Kâ€™ was not declared in this scope
[28.686s]   227 |     [01;31m[Kmove_servo[m[K(pca_backleft_, backleft_pose_, msg);
[28.687s]       |     [01;31m[K^~~~~~~~~~[m[K
[28.715s] [01m[K/home/spider/ws/src/spider_driver/src/spider_driver/ControllerNode.cpp:229:5:[m[K [01;31m[Kerror: [m[Kâ€˜[01m[Kprint[m[Kâ€™ was not declared in this scope; did you mean â€˜[01m[Krint[m[Kâ€™?
[28.716s]   229 |     [01;31m[Kprint[m[K("SMOOTH MOVEMENT");
[28.717s]       |     [01;31m[K^~~~~[m[K
[28.718s]       |     [32m[Krint[m[K
[28.719s] [01m[K/home/spider/ws/src/spider_driver/src/spider_driver/ControllerNode.cpp:[m[K At global scope:
[28.720s] [01m[K/home/spider/ws/src/spider_driver/src/spider_driver/ControllerNode.cpp:233:5:[m[K [01;31m[Kerror: [m[Kâ€˜[01m[KControllerNode[m[Kâ€™ has not been declared
[28.722s]   233 | int [01;31m[KControllerNode[m[K::rad_to_pwm(double angle_rad, double min_rad, double max_rad, int min_pwm, int max_pwm)
[28.723s]       |     [01;31m[K^~~~~~~~~~~~~~[m[K
[28.724s] [01m[K/home/spider/ws/src/spider_driver/src/spider_driver/ControllerNode.cpp:242:6:[m[K [01;31m[Kerror: [m[Kâ€˜[01m[KControllerNode[m[Kâ€™ has not been declared
[28.725s]   242 | void [01;31m[KControllerNode[m[K::move_servo(const int channels[3], int poses[3], const spider_msgs::msg::SpiderLeg::SharedPtr msg)
[28.726s]       |      [01;31m[K^~~~~~~~~~~~~~[m[K
[28.745s] [01m[K/home/spider/ws/src/spider_driver/src/spider_driver/ControllerNode.cpp:[m[K In function â€˜[01m[Kvoid move_servo(const int*, int*, spider_msgs::msg::SpiderLeg_<std::allocator<void> >::SharedPtr)[m[Kâ€™:
[28.747s] [01m[K/home/spider/ws/src/spider_driver/src/spider_driver/ControllerNode.cpp:253:5:[m[K [01;31m[Kerror: [m[Kâ€˜[01m[Kpca_[m[Kâ€™ was not declared in this scope
[28.750s]   253 |     [01;31m[Kpca_[m[K.setPWM(channels[0], rad_to_pwm(msg->hip,  -1.5, 1.5, 100, 520));
[28.751s]       |     [01;31m[K^~~~[m[K
[28.752s] In file included from [01m[K/opt/ros/humble/include/rclcpp/rclcpp/client.hpp:40[m[K,
[28.753s]                  from [01m[K/opt/ros/humble/include/rclcpp/rclcpp/callback_group.hpp:24[m[K,
[28.754s]                  from [01m[K/opt/ros/humble/include/rclcpp/rclcpp/any_executable.hpp:20[m[K,
[28.755s]                  from [01m[K/opt/ros/humble/include/rclcpp/rclcpp/memory_strategy.hpp:25[m[K,
[28.756s]                  from [01m[K/opt/ros/humble/include/rclcpp/rclcpp/memory_strategies.hpp:18[m[K,
[28.758s]                  from [01m[K/opt/ros/humble/include/rclcpp/rclcpp/executor_options.hpp:20[m[K,
[28.759s]                  from [01m[K/opt/ros/humble/include/rclcpp/rclcpp/executor.hpp:37[m[K,
[28.760s]                  from [01m[K/opt/ros/humble/include/rclcpp/rclcpp/executors/multi_threaded_executor.hpp:25[m[K,
[28.761s]                  from [01m[K/opt/ros/humble/include/rclcpp/rclcpp/executors.hpp:21[m[K,
[28.762s]                  from [01m[K/opt/ros/humble/include/rclcpp/rclcpp/rclcpp.hpp:155[m[K,
[28.763s]                  from [01m[K/home/spider/ws/src/spider_driver/include/spider_driver/ControllerNode.hpp:4[m[K,
[28.765s]                  from [01m[K/home/spider/ws/src/spider_driver/src/spider_driver/ControllerNode.cpp:1[m[K:
[28.766s] [01m[K/home/spider/ws/src/spider_driver/src/spider_driver/ControllerNode.cpp:257:17:[m[K [01;31m[Kerror: [m[Kinvalid use of â€˜[01m[Kthis[m[Kâ€™ in non-member function
[28.767s]   257 |     RCLCPP_INFO([01;31m[Kthis[m[K->get_logger(),
[28.768s]       |                 [01;31m[K^~~~[m[K
[28.769s] [01m[K/home/spider/ws/src/spider_driver/src/spider_driver/ControllerNode.cpp:257:17:[m[K [01;31m[Kerror: [m[Kinvalid use of â€˜[01m[Kthis[m[Kâ€™ in non-member function
[28.770s] [01m[K/home/spider/ws/src/spider_driver/src/spider_driver/ControllerNode.cpp:257:5:[m[K [01;31m[Kerror: [m[Ktemplate argument 1 is invalid
[28.771s]   257 |     [01;31m[KRCLCPP_INFO[m[K(this->get_logger(),
[28.772s]       |     [01;31m[K^~~~~~~~~~~[m[K
[28.773s] In file included from [01m[K/opt/ros/humble/include/rclcpp/rclcpp/logging.hpp:24[m[K,
[28.774s]                  from [01m[K/opt/ros/humble/include/rclcpp/rclcpp/client.hpp:40[m[K,
[28.775s]                  from [01m[K/opt/ros/humble/include/rclcpp/rclcpp/callback_group.hpp:24[m[K,
[28.776s]                  from [01m[K/opt/ros/humble/include/rclcpp/rclcpp/any_executable.hpp:20[m[K,
[28.777s]                  from [01m[K/opt/ros/humble/include/rclcpp/rclcpp/memory_strategy.hpp:25[m[K,
[28.778s]                  from [01m[K/opt/ros/humble/include/rclcpp/rclcpp/memory_strategies.hpp:18[m[K,
[28.779s]                  from [01m[K/opt/ros/humble/include/rclcpp/rclcpp/executor_options.hpp:20[m[K,
[28.780s]                  from [01m[K/opt/ros/humble/include/rclcpp/rclcpp/executor.hpp:37[m[K,
[28.782s]                  from [01m[K/opt/ros/humble/include/rclcpp/rclcpp/executors/multi_threaded_executor.hpp:25[m[K,
[28.784s]                  from [01m[K/opt/ros/humble/include/rclcpp/rclcpp/executors.hpp:21[m[K,
[28.787s]                  from [01m[K/opt/ros/humble/include/rclcpp/rclcpp/rclcpp.hpp:155[m[K,
[28.788s]                  from [01m[K/home/spider/ws/src/spider_driver/include/spider_driver/ControllerNode.hpp:4[m[K,
[28.789s]                  from [01m[K/home/spider/ws/src/spider_driver/src/spider_driver/ControllerNode.cpp:1[m[K:
[28.790s] [01m[K/home/spider/ws/src/spider_driver/src/spider_driver/ControllerNode.cpp:257:17:[m[K [01;31m[Kerror: [m[Kinvalid use of â€˜[01m[Kthis[m[Kâ€™ in non-member function
[28.791s]   257 |     RCLCPP_INFO([01;31m[Kthis[m[K->get_logger(),
[28.793s]       |                 [01;31m[K^~~~[m[K
[28.794s] [01m[K/home/spider/ws/src/spider_driver/src/spider_driver/ControllerNode.cpp:257:17:[m[K [01;31m[Kerror: [m[Kinvalid use of â€˜[01m[Kthis[m[Kâ€™ in non-member function
[28.795s]   257 |     RCLCPP_INFO([01;31m[Kthis[m[K->get_logger(),
[28.797s]       |                 [01;31m[K^~~~[m[K
[28.798s] [01m[K/home/spider/ws/src/spider_driver/src/spider_driver/ControllerNode.cpp:[m[K At global scope:
[28.799s] [01m[K/home/spider/ws/src/spider_driver/src/spider_driver/ControllerNode.cpp:263:6:[m[K [01;31m[Kerror: [m[Kâ€˜[01m[KControllerNode[m[Kâ€™ has not been declared
[28.801s]   263 | void [01;31m[KControllerNode[m[K::calibrate_callback(
[28.802s]       |      [01;31m[K^~~~~~~~~~~~~~[m[K
[28.804s] [01m[K/home/spider/ws/src/spider_driver/src/spider_driver/ControllerNode.cpp:[m[K In function â€˜[01m[Kvoid calibrate_callback(std::shared_ptr<spider_msgs::srv::ServoCalibrate_Request_<std::allocator<void> > >, std::shared_ptr<spider_msgs::srv::ServoCalibrate_Response_<std::allocator<void> > >)[m[Kâ€™:
[28.805s] [01m[K/home/spider/ws/src/spider_driver/src/spider_driver/ControllerNode.cpp:273:5:[m[K [01;31m[Kerror: [m[Kâ€˜[01m[Kpca_[m[Kâ€™ was not declared in this scope
[28.806s]   273 |     [01;31m[Kpca_[m[K.setPWM(channel, pwm);
[28.808s]       |     [01;31m[K^~~~[m[K
[28.809s] In file included from [01m[K/opt/ros/humble/include/rclcpp/rclcpp/client.hpp:40[m[K,
[28.811s]                  from [01m[K/opt/ros/humble/include/rclcpp/rclcpp/callback_group.hpp:24[m[K,
[28.812s]                  from [01m[K/opt/ros/humble/include/rclcpp/rclcpp/any_executable.hpp:20[m[K,
[28.814s]                  from [01m[K/opt/ros/humble/include/rclcpp/rclcpp/memory_strategy.hpp:25[m[K,
[28.815s]                  from [01m[K/opt/ros/humble/include/rclcpp/rclcpp/memory_strategies.hpp:18[m[K,
[28.816s]                  from [01m[K/opt/ros/humble/include/rclcpp/rclcpp/executor_options.hpp:20[m[K,
[28.818s]                  from [01m[K/opt/ros/humble/include/rclcpp/rclcpp/executor.hpp:37[m[K,
[28.819s]                  from [01m[K/opt/ros/humble/include/rclcpp/rclcpp/executors/multi_threaded_executor.hpp:25[m[K,
[28.821s]                  from [01m[K/opt/ros/humble/include/rclcpp/rclcpp/executors.hpp:21[m[K,
[28.822s]                  from [01m[K/opt/ros/humble/include/rclcpp/rclcpp/rclcpp.hpp:155[m[K,
[28.823s]                  from [01m[K/home/spider/ws/src/spider_driver/include/spider_driver/ControllerNode.hpp:4[m[K,
[28.824s]                  from [01m[K/home/spider/ws/src/spider_driver/src/spider_driver/ControllerNode.cpp:1[m[K:
[28.826s] [01m[K/home/spider/ws/src/spider_driver/src/spider_driver/ControllerNode.cpp:275:17:[m[K [01;31m[Kerror: [m[Kinvalid use of â€˜[01m[Kthis[m[Kâ€™ in non-member function
[28.827s]   275 |     RCLCPP_INFO([01;31m[Kthis[m[K->get_logger(),
[28.828s]       |                 [01;31m[K^~~~[m[K
[28.830s] [01m[K/home/spider/ws/src/spider_driver/src/spider_driver/ControllerNode.cpp:275:17:[m[K [01;31m[Kerror: [m[Kinvalid use of â€˜[01m[Kthis[m[Kâ€™ in non-member function
[28.831s] [01m[K/home/spider/ws/src/spider_driver/src/spider_driver/ControllerNode.cpp:275:5:[m[K [01;31m[Kerror: [m[Ktemplate argument 1 is invalid
[28.832s]   275 |     [01;31m[KRCLCPP_INFO[m[K(this->get_logger(),
[28.835s]       |     [01;31m[K^~~~~~~~~~~[m[K
[28.836s] In file included from [01m[K/opt/ros/humble/include/rclcpp/rclcpp/logging.hpp:24[m[K,
[28.837s]                  from [01m[K/opt/ros/humble/include/rclcpp/rclcpp/client.hpp:40[m[K,
[28.839s]                  from [01m[K/opt/ros/humble/include/rclcpp/rclcpp/callback_group.hpp:24[m[K,
[28.840s]                  from [01m[K/opt/ros/humble/include/rclcpp/rclcpp/any_executable.hpp:20[m[K,
[28.842s]                  from [01m[K/opt/ros/humble/include/rclcpp/rclcpp/memory_strategy.hpp:25[m[K,
[28.844s]                  from [01m[K/opt/ros/humble/include/rclcpp/rclcpp/memory_strategies.hpp:18[m[K,
[28.846s]                  from [01m[K/opt/ros/humble/include/rclcpp/rclcpp/executor_options.hpp:20[m[K,
[28.848s]                  from [01m[K/opt/ros/humble/include/rclcpp/rclcpp/executor.hpp:37[m[K,
[28.849s]                  from [01m[K/opt/ros/humble/include/rclcpp/rclcpp/executors/multi_threaded_executor.hpp:25[m[K,
[28.851s]                  from [01m[K/opt/ros/humble/include/rclcpp/rclcpp/executors.hpp:21[m[K,
[28.853s]                  from [01m[K/opt/ros/humble/include/rclcpp/rclcpp/rclcpp.hpp:155[m[K,
[28.854s]                  from [01m[K/home/spider/ws/src/spider_driver/include/spider_driver/ControllerNode.hpp:4[m[K,
[28.856s]                  from [01m[K/home/spider/ws/src/spider_driver/src/spider_driver/ControllerNode.cpp:1[m[K:
[28.857s] [01m[K/home/spider/ws/src/spider_driver/src/spider_driver/ControllerNode.cpp:275:17:[m[K [01;31m[Kerror: [m[Kinvalid use of â€˜[01m[Kthis[m[Kâ€™ in non-member function
[28.858s]   275 |     RCLCPP_INFO([01;31m[Kthis[m[K->get_logger(),
[28.860s]       |                 [01;31m[K^~~~[m[K
[28.861s] [01m[K/home/spider/ws/src/spider_driver/src/spider_driver/ControllerNode.cpp:275:17:[m[K [01;31m[Kerror: [m[Kinvalid use of â€˜[01m[Kthis[m[Kâ€™ in non-member function
[28.862s]   275 |     RCLCPP_INFO([01;31m[Kthis[m[K->get_logger(),
[28.863s]       |                 [01;31m[K^~~~[m[K
[28.865s] [01m[K/home/spider/ws/src/spider_driver/src/spider_driver/ControllerNode.cpp:[m[K At global scope:
[28.866s] [01m[K/home/spider/ws/src/spider_driver/src/spider_driver/ControllerNode.cpp:287:1:[m[K [01;31m[Kerror: [m[Kexpected declaration before â€˜[01m[K}[m[Kâ€™ token
[28.867s]   287 | [01;31m[K}[m[K  // namespace controller
[28.869s]       | [01;31m[K^[m[K
[54.375s] gmake[2]: *** [CMakeFiles/spider_driver.dir/build.make:76: CMakeFiles/spider_driver.dir/src/spider_driver/ControllerNode.cpp.o] Error 1
[54.436s] gmake[1]: *** [CMakeFiles/Makefile2:139: CMakeFiles/spider_driver.dir/all] Error 2
[54.437s] gmake: *** [Makefile:146: all] Error 2
[55.536s] Invoked command in '/home/spider/ws/build/spider_driver' returned '2': CMAKE_PREFIX_PATH=/home/spider/ws/install/spider_msgs:/home/spider/ws/install/i2c_pwm_board:/home/spider/ws/install/i2c_pwm_board_xmlrp:/home/spider/ws/install/xmlrpcpp:/home/spider/ws/install/spider_driver:/home/spider/ws/install/i2c_pwm_board_calibration:/home/spider/ws/install/i2c_pwm_board_msgs:/home/spider/ws/install/spider_control:/opt/ros/humble LD_LIBRARY_PATH=/home/spider/ws/install/spider_msgs/lib:/home/spider/ws/install/i2c_pwm_board_xmlrp/lib:/home/spider/ws/install/xmlrpcpp/lib:/home/spider/ws/install/spider_driver/lib:/home/spider/ws/install/i2c_pwm_board_msgs/lib:/opt/ros/humble/opt/rviz_ogre_vendor/lib:/opt/ros/humble/lib/aarch64-linux-gnu:/opt/ros/humble/lib /usr/bin/cmake --build /home/spider/ws/build/spider_driver -- -j4 -l4
