[35m[1mConsolidate compiler generated dependencies of target spider_driver[0m
[ 25%] [32mBuilding CXX object CMakeFiles/spider_driver.dir/src/spider_driver/ControllerNode.cpp.o[0m
[ 50%] [32m[1mLinking CXX shared library libspider_driver.so[0m
[ 50%] Built target spider_driver
[35m[1mConsolidate compiler generated dependencies of target control_main[0m
[ 75%] [32mBuilding CXX object CMakeFiles/control_main.dir/src/controller_node.cpp.o[0m
In file included from [01m[K/home/spider/ws/src/spider_driver/src/controller_node.cpp:2[m[K:
[01m[K/home/spider/ws/src/spider_driver/include/spider_driver/ControllerNode.hpp:52:44:[m[K [01;31m[Kerror: [m[Kâ€˜[01m[KSpiderSwitch[m[Kâ€™ is not a member of â€˜[01m[Kspider_msgs::msg[m[Kâ€™
   52 | 
      |                                            [01;31m[K^[m[K           
[01m[K/home/spider/ws/src/spider_driver/include/spider_driver/ControllerNode.hpp:52:56:[m[K [01;31m[Kerror: [m[Ktemplate argument 1 is invalid
   52 | 
      |                                                        [01;31m[K^[m[K
[01m[K/home/spider/ws/src/spider_driver/include/spider_driver/ControllerNode.hpp:52:56:[m[K [01;31m[Kerror: [m[Ktemplate argument 3 is invalid
[01m[K/home/spider/ws/src/spider_driver/include/spider_driver/ControllerNode.hpp:52:56:[m[K [01;31m[Kerror: [m[Ktemplate argument 4 is invalid
[01m[K/home/spider/ws/src/spider_driver/include/spider_driver/ControllerNode.hpp:52:56:[m[K [01;31m[Kerror: [m[Ktemplate argument 5 is invalid
[01m[K/home/spider/ws/src/spider_driver/include/spider_driver/ControllerNode.hpp:52:59:[m[K [01;31m[Kerror: [m[Kexpected â€˜[01m[K;[m[Kâ€™ at end of member declaration
   52 | 
      |                                                           [01;31m[K^[m[K        
      |                                                                    [32m[K;[m[K
[01m[K/home/spider/ws/src/spider_driver/include/spider_driver/ControllerNode.hpp:52:69:[m[K [01;31m[Kerror: [m[Kâ€˜[01m[Koe_value_[m[Kâ€™ does not name a type; did you mean â€˜[01m[Ksi_value[m[Kâ€™?
   52 | 
      |                                                                     [01;31m[K^[m[K        
      |                                                                     [32m[Ksi_value[m[K
gmake[2]: *** [CMakeFiles/control_main.dir/build.make:76: CMakeFiles/control_main.dir/src/controller_node.cpp.o] Error 1
gmake[1]: *** [CMakeFiles/Makefile2:165: CMakeFiles/control_main.dir/all] Error 2
gmake: *** [Makefile:146: all] Error 2
