[0.218s] Invoking command in '/home/spider/ws/build/spider_driver': CMAKE_PREFIX_PATH=/home/spider/ws/install/spider_msgs:/home/spider/ws/install/i2c_pwm_board:/home/spider/ws/install/i2c_pwm_board_xmlrp:/home/spider/ws/install/xmlrpcpp:/home/spider/ws/install/spider_driver:/home/spider/ws/install/i2c_pwm_board_calibration:/home/spider/ws/install/i2c_pwm_board_msgs:/home/spider/ws/install/spider_control:/opt/ros/humble LD_LIBRARY_PATH=/home/spider/ws/install/spider_msgs/lib:/home/spider/ws/install/i2c_pwm_board_xmlrp/lib:/home/spider/ws/install/xmlrpcpp/lib:/home/spider/ws/install/spider_driver/lib:/home/spider/ws/install/i2c_pwm_board_msgs/lib:/opt/ros/humble/opt/rviz_ogre_vendor/lib:/opt/ros/humble/lib/aarch64-linux-gnu:/opt/ros/humble/lib /usr/bin/cmake --build /home/spider/ws/build/spider_driver -- -j4 -l4
[1.431s] [35m[1mConsolidate compiler generated dependencies of target spider_driver[0m
[1.941s] [ 25%] [32mBuilding CXX object CMakeFiles/spider_driver.dir/src/spider_driver/ControllerNode.cpp.o[0m
[123.646s] [ 50%] [32m[1mLinking CXX shared library libspider_driver.so[0m
[129.752s] [ 50%] Built target spider_driver
[130.016s] [35m[1mConsolidate compiler generated dependencies of target control_main[0m
[130.569s] [ 75%] [32mBuilding CXX object CMakeFiles/control_main.dir/src/controller_node.cpp.o[0m
[159.689s] In file included from [01m[K/home/spider/ws/src/spider_driver/src/controller_node.cpp:2[m[K:
[159.700s] [01m[K/home/spider/ws/src/spider_driver/include/spider_driver/ControllerNode.hpp:52:44:[m[K [01;31m[Kerror: [m[Kâ€˜[01m[KSpiderSwitch[m[Kâ€™ is not a member of â€˜[01m[Kspider_msgs::msg[m[Kâ€™
[159.702s]    52 | 
[159.703s]       |                                            [01;31m[K^[m[K           
[159.710s] [01m[K/home/spider/ws/src/spider_driver/include/spider_driver/ControllerNode.hpp:52:56:[m[K [01;31m[Kerror: [m[Ktemplate argument 1 is invalid
[159.711s]    52 | 
[159.713s]       |                                                        [01;31m[K^[m[K
[159.714s] [01m[K/home/spider/ws/src/spider_driver/include/spider_driver/ControllerNode.hpp:52:56:[m[K [01;31m[Kerror: [m[Ktemplate argument 3 is invalid
[159.716s] [01m[K/home/spider/ws/src/spider_driver/include/spider_driver/ControllerNode.hpp:52:56:[m[K [01;31m[Kerror: [m[Ktemplate argument 4 is invalid
[159.719s] [01m[K/home/spider/ws/src/spider_driver/include/spider_driver/ControllerNode.hpp:52:56:[m[K [01;31m[Kerror: [m[Ktemplate argument 5 is invalid
[159.722s] [01m[K/home/spider/ws/src/spider_driver/include/spider_driver/ControllerNode.hpp:52:59:[m[K [01;31m[Kerror: [m[Kexpected â€˜[01m[K;[m[Kâ€™ at end of member declaration
[159.724s]    52 | 
[159.725s]       |                                                           [01;31m[K^[m[K        
[159.726s]       |                                                                    [32m[K;[m[K
[159.730s] [01m[K/home/spider/ws/src/spider_driver/include/spider_driver/ControllerNode.hpp:52:69:[m[K [01;31m[Kerror: [m[Kâ€˜[01m[Koe_value_[m[Kâ€™ does not name a type; did you mean â€˜[01m[Ksi_value[m[Kâ€™?
[159.731s]    52 | 
[159.733s]       |                                                                     [01;31m[K^[m[K        
[159.734s]       |                                                                     [32m[Ksi_value[m[K
[163.993s] gmake[2]: *** [CMakeFiles/control_main.dir/build.make:76: CMakeFiles/control_main.dir/src/controller_node.cpp.o] Error 1
[163.997s] gmake[1]: *** [CMakeFiles/Makefile2:165: CMakeFiles/control_main.dir/all] Error 2
[164.024s] gmake: *** [Makefile:146: all] Error 2
[164.688s] Invoked command in '/home/spider/ws/build/spider_driver' returned '2': CMAKE_PREFIX_PATH=/home/spider/ws/install/spider_msgs:/home/spider/ws/install/i2c_pwm_board:/home/spider/ws/install/i2c_pwm_board_xmlrp:/home/spider/ws/install/xmlrpcpp:/home/spider/ws/install/spider_driver:/home/spider/ws/install/i2c_pwm_board_calibration:/home/spider/ws/install/i2c_pwm_board_msgs:/home/spider/ws/install/spider_control:/opt/ros/humble LD_LIBRARY_PATH=/home/spider/ws/install/spider_msgs/lib:/home/spider/ws/install/i2c_pwm_board_xmlrp/lib:/home/spider/ws/install/xmlrpcpp/lib:/home/spider/ws/install/spider_driver/lib:/home/spider/ws/install/i2c_pwm_board_msgs/lib:/opt/ros/humble/opt/rviz_ogre_vendor/lib:/opt/ros/humble/lib/aarch64-linux-gnu:/opt/ros/humble/lib /usr/bin/cmake --build /home/spider/ws/build/spider_driver -- -j4 -l4
