[35m[1mConsolidate compiler generated dependencies of target spider_driver[0m
[ 25%] [32mBuilding CXX object CMakeFiles/spider_driver.dir/src/spider_driver/ControllerNode.cpp.o[0m
In file included from [01m[K/home/spider/ws/src/spider_driver/src/spider_driver/ControllerNode.cpp:1[m[K:
[01m[K/home/spider/ws/src/spider_driver/include/spider_driver/ControllerNode.hpp:8:10:[m[K [01;31m[Kfatal error: [m[Kspider_msgs/srv/servo_calibrate.hpp: No such file or directory
    8 | #include [01;31m[K"spider_msgs/srv/servo_calibrate.hpp"[m[K
      |          [01;31m[K^~~~~~~~~~~~~~~~~~~~~~~~~~~~~~~~~~~~~[m[K
compilation terminated.
gmake[2]: *** [CMakeFiles/spider_driver.dir/build.make:76: CMakeFiles/spider_driver.dir/src/spider_driver/ControllerNode.cpp.o] Error 1
gmake[1]: *** [CMakeFiles/Makefile2:139: CMakeFiles/spider_driver.dir/all] Error 2
gmake: *** [Makefile:146: all] Error 2
