[01m[K/home/spider/ws/src/spider_driver/src/spider_driver/ControllerNode.cpp:[m[K In member function â€˜[01m[Kvoid controller::ControllerNode::configure_all_servos()[m[Kâ€™:
[01m[K/home/spider/ws/src/spider_driver/src/spider_driver/ControllerNode.cpp:73:14:[m[K [01;31m[Kerror: [m[Kno match for call to â€˜[01m[K(controller::ControllerNode::configure_all_servos()::<lambda(const int*, int*)>) (int [3], double [3])[m[Kâ€™
   73 |     [01;31m[Kset_group(pca_frontleft_,  frontleft_pose_)[m[K;
      |     [01;31m[K~~~~~~~~~^~~~~~~~~~~~~~~~~~~~~~~~~~~~~~~~~~[m[K
[01m[K/home/spider/ws/src/spider_driver/src/spider_driver/ControllerNode.cpp:63:22:[m[K [01;36m[Knote: [m[Kcandidate: â€˜[01m[Kcontroller::ControllerNode::configure_all_servos()::<lambda(const int*, int*)>[m[Kâ€™
   63 |     auto set_group = [01;36m[K[[m[K&](const int channels[3], int pose[3]) {
      |                      [01;36m[K^[m[K
[01m[K/home/spider/ws/src/spider_driver/src/spider_driver/ControllerNode.cpp:63:22:[m[K [01;36m[Knote: [m[K  no known conversion for argument 2 from â€˜[01m[Kdouble [3][m[Kâ€™ to â€˜[01m[Kint*[m[Kâ€™
[01m[K/home/spider/ws/src/spider_driver/src/spider_driver/ControllerNode.cpp:74:14:[m[K [01;31m[Kerror: [m[Kno match for call to â€˜[01m[K(controller::ControllerNode::configure_all_servos()::<lambda(const int*, int*)>) (int [3], double [3])[m[Kâ€™
   74 |     [01;31m[Kset_group(pca_frontright_, frontright_pose_)[m[K;
      |     [01;31m[K~~~~~~~~~^~~~~~~~~~~~~~~~~~~~~~~~~~~~~~~~~~~[m[K
[01m[K/home/spider/ws/src/spider_driver/src/spider_driver/ControllerNode.cpp:63:22:[m[K [01;36m[Knote: [m[Kcandidate: â€˜[01m[Kcontroller::ControllerNode::configure_all_servos()::<lambda(const int*, int*)>[m[Kâ€™
   63 |     auto set_group = [01;36m[K[[m[K&](const int channels[3], int pose[3]) {
      |                      [01;36m[K^[m[K
[01m[K/home/spider/ws/src/spider_driver/src/spider_driver/ControllerNode.cpp:63:22:[m[K [01;36m[Knote: [m[K  no known conversion for argument 2 from â€˜[01m[Kdouble [3][m[Kâ€™ to â€˜[01m[Kint*[m[Kâ€™
[01m[K/home/spider/ws/src/spider_driver/src/spider_driver/ControllerNode.cpp:75:14:[m[K [01;31m[Kerror: [m[Kno match for call to â€˜[01m[K(controller::ControllerNode::configure_all_servos()::<lambda(const int*, int*)>) (int [3], double [3])[m[Kâ€™
   75 |     [01;31m[Kset_group(pca_backright_,  backright_pose_)[m[K;
      |     [01;31m[K~~~~~~~~~^~~~~~~~~~~~~~~~~~~~~~~~~~~~~~~~~~[m[K
[01m[K/home/spider/ws/src/spider_driver/src/spider_driver/ControllerNode.cpp:63:22:[m[K [01;36m[Knote: [m[Kcandidate: â€˜[01m[Kcontroller::ControllerNode::configure_all_servos()::<lambda(const int*, int*)>[m[Kâ€™
   63 |     auto set_group = [01;36m[K[[m[K&](const int channels[3], int pose[3]) {
      |                      [01;36m[K^[m[K
[01m[K/home/spider/ws/src/spider_driver/src/spider_driver/ControllerNode.cpp:63:22:[m[K [01;36m[Knote: [m[K  no known conversion for argument 2 from â€˜[01m[Kdouble [3][m[Kâ€™ to â€˜[01m[Kint*[m[Kâ€™
[01m[K/home/spider/ws/src/spider_driver/src/spider_driver/ControllerNode.cpp:76:14:[m[K [01;31m[Kerror: [m[Kno match for call to â€˜[01m[K(controller::ControllerNode::configure_all_servos()::<lambda(const int*, int*)>) (int [3], double [3])[m[Kâ€™
   76 |     [01;31m[Kset_group(pca_backleft_,   backleft_pose_)[m[K;
      |     [01;31m[K~~~~~~~~~^~~~~~~~~~~~~~~~~~~~~~~~~~~~~~~~~[m[K
[01m[K/home/spider/ws/src/spider_driver/src/spider_driver/ControllerNode.cpp:63:22:[m[K [01;36m[Knote: [m[Kcandidate: â€˜[01m[Kcontroller::ControllerNode::configure_all_servos()::<lambda(const int*, int*)>[m[Kâ€™
   63 |     auto set_group = [01;36m[K[[m[K&](const int channels[3], int pose[3]) {
      |                      [01;36m[K^[m[K
[01m[K/home/spider/ws/src/spider_driver/src/spider_driver/ControllerNode.cpp:63:22:[m[K [01;36m[Knote: [m[K  no known conversion for argument 2 from â€˜[01m[Kdouble [3][m[Kâ€™ to â€˜[01m[Kint*[m[Kâ€™
gmake[2]: *** [CMakeFiles/spider_driver.dir/build.make:76: CMakeFiles/spider_driver.dir/src/spider_driver/ControllerNode.cpp.o] Error 1
gmake[1]: *** [CMakeFiles/Makefile2:139: CMakeFiles/spider_driver.dir/all] Error 2
gmake: *** [Makefile:146: all] Error 2
