[0.207s] Invoking command in '/home/spider/ws/build/spider_driver': CMAKE_PREFIX_PATH=/home/spider/ws/install/spider_msgs:/home/spider/ws/install/i2c_pwm_board:/home/spider/ws/install/i2c_pwm_board_xmlrp:/home/spider/ws/install/xmlrpcpp:/home/spider/ws/install/spider_driver:/home/spider/ws/install/i2c_pwm_board_calibration:/home/spider/ws/install/i2c_pwm_board_msgs:/home/spider/ws/install/spider_control:/opt/ros/humble LD_LIBRARY_PATH=/home/spider/ws/install/spider_msgs/lib:/home/spider/ws/install/i2c_pwm_board_xmlrp/lib:/home/spider/ws/install/xmlrpcpp/lib:/home/spider/ws/install/spider_driver/lib:/home/spider/ws/install/i2c_pwm_board_msgs/lib:/opt/ros/humble/opt/rviz_ogre_vendor/lib:/opt/ros/humble/lib/aarch64-linux-gnu:/opt/ros/humble/lib /usr/bin/cmake --build /home/spider/ws/build/spider_driver -- -j4 -l4
[1.293s] [35m[1mConsolidate compiler generated dependencies of target spider_driver[0m
[1.759s] [ 25%] [32mBuilding CXX object CMakeFiles/spider_driver.dir/src/spider_driver/ControllerNode.cpp.o[0m
[29.720s] [01m[K/home/spider/ws/src/spider_driver/src/spider_driver/ControllerNode.cpp:[m[K In member function â€˜[01m[Kvoid controller::ControllerNode::configure_all_servos()[m[Kâ€™:
[29.721s] [01m[K/home/spider/ws/src/spider_driver/src/spider_driver/ControllerNode.cpp:73:32:[m[K [01;31m[Kerror: [m[Kâ€˜[01m[Kfrontleft_pose[m[Kâ€™ was not declared in this scope; did you mean â€˜[01m[Kfrontleft_pose_[m[Kâ€™?
[29.722s]    73 |     set_group(pca_frontleft_,  [01;31m[Kfrontleft_pose[m[K);
[29.723s]       |                                [01;31m[K^~~~~~~~~~~~~~[m[K
[29.724s]       |                                [32m[Kfrontleft_pose_[m[K
[29.762s] [01m[K/home/spider/ws/src/spider_driver/src/spider_driver/ControllerNode.cpp:74:32:[m[K [01;31m[Kerror: [m[Kâ€˜[01m[Kfrontright_pose[m[Kâ€™ was not declared in this scope; did you mean â€˜[01m[Kfrontright_pose_[m[Kâ€™?
[29.763s]    74 |     set_group(pca_frontright_, [01;31m[Kfrontright_pose[m[K);
[29.765s]       |                                [01;31m[K^~~~~~~~~~~~~~~[m[K
[29.766s]       |                                [32m[Kfrontright_pose_[m[K
[29.804s] [01m[K/home/spider/ws/src/spider_driver/src/spider_driver/ControllerNode.cpp:75:32:[m[K [01;31m[Kerror: [m[Kâ€˜[01m[Kbackright_pose[m[Kâ€™ was not declared in this scope; did you mean â€˜[01m[Kbackright_pose_[m[Kâ€™?
[29.805s]    75 |     set_group(pca_backright_,  [01;31m[Kbackright_pose[m[K);
[29.806s]       |                                [01;31m[K^~~~~~~~~~~~~~[m[K
[29.807s]       |                                [32m[Kbackright_pose_[m[K
[29.846s] [01m[K/home/spider/ws/src/spider_driver/src/spider_driver/ControllerNode.cpp:76:32:[m[K [01;31m[Kerror: [m[Kâ€˜[01m[Kbackleft_pose[m[Kâ€™ was not declared in this scope; did you mean â€˜[01m[Kbackleft_pose_[m[Kâ€™?
[29.847s]    76 |     set_group(pca_backleft_,   [01;31m[Kbackleft_pose[m[K);
[29.849s]       |                                [01;31m[K^~~~~~~~~~~~~[m[K
[29.850s]       |                                [32m[Kbackleft_pose_[m[K
[29.873s] [01m[K/home/spider/ws/src/spider_driver/src/spider_driver/ControllerNode.cpp:[m[K In member function â€˜[01m[Kvoid controller::ControllerNode::frontleft(spider_msgs::msg::SpiderLeg_<std::allocator<void> >::SharedPtr)[m[Kâ€™:
[29.875s] [01m[K/home/spider/ws/src/spider_driver/src/spider_driver/ControllerNode.cpp:96:65:[m[K [01;31m[Kerror: [m[Kexpected â€˜[01m[K;[m[Kâ€™ before â€˜[01m[K}[m[Kâ€™ token
[29.877s]    96 |         set_pose(frontleft_pose_, msg->hip, msg->leg, msg->foot)
[29.879s]       |                                                                 [01;31m[K^[m[K
[29.881s]       |                                                                 [32m[K;[m[K
[29.883s]    97 |         //print("SMOOTH MOVEMENT");
[29.884s]    98 |     [32m[K}[m[K
[29.885s]       |     [32m[K~[m[K                                                            
[29.887s] [01m[K/home/spider/ws/src/spider_driver/src/spider_driver/ControllerNode.cpp:[m[K In member function â€˜[01m[Kvoid controller::ControllerNode::frontright(spider_msgs::msg::SpiderLeg_<std::allocator<void> >::SharedPtr)[m[Kâ€™:
[29.888s] [01m[K/home/spider/ws/src/spider_driver/src/spider_driver/ControllerNode.cpp:106:66:[m[K [01;31m[Kerror: [m[Kexpected â€˜[01m[K;[m[Kâ€™ before â€˜[01m[K}[m[Kâ€™ token
[29.889s]   106 |         set_pose(frontright_pose_, msg->hip, msg->leg, msg->foot)
[29.890s]       |                                                                  [01;31m[K^[m[K
[29.891s]       |                                                                  [32m[K;[m[K
[29.892s]   107 |         //print("SMOOTH MOVEMENT");
[29.893s]   108 |     [32m[K}[m[K
[29.894s]       |     [32m[K~[m[K                                                             
[29.895s] [01m[K/home/spider/ws/src/spider_driver/src/spider_driver/ControllerNode.cpp:[m[K In member function â€˜[01m[Kvoid controller::ControllerNode::backright(spider_msgs::msg::SpiderLeg_<std::allocator<void> >::SharedPtr)[m[Kâ€™:
[29.897s] [01m[K/home/spider/ws/src/spider_driver/src/spider_driver/ControllerNode.cpp:116:65:[m[K [01;31m[Kerror: [m[Kexpected â€˜[01m[K;[m[Kâ€™ before â€˜[01m[K}[m[Kâ€™ token
[29.898s]   116 |         set_pose(backright_pose_, msg->hip, msg->leg, msg->foot)
[29.899s]       |                                                                 [01;31m[K^[m[K
[29.900s]       |                                                                 [32m[K;[m[K
[29.901s]   117 |         //print("SMOOTH MOVEMENT");
[29.903s]   118 |     [32m[K}[m[K
[29.904s]       |     [32m[K~[m[K                                                            
[29.905s] [01m[K/home/spider/ws/src/spider_driver/src/spider_driver/ControllerNode.cpp:[m[K In member function â€˜[01m[Kvoid controller::ControllerNode::backleft(spider_msgs::msg::SpiderLeg_<std::allocator<void> >::SharedPtr)[m[Kâ€™:
[29.906s] [01m[K/home/spider/ws/src/spider_driver/src/spider_driver/ControllerNode.cpp:126:64:[m[K [01;31m[Kerror: [m[Kexpected â€˜[01m[K;[m[Kâ€™ before â€˜[01m[K}[m[Kâ€™ token
[29.908s]   126 |         set_pose(backleft_pose_, msg->hip, msg->leg, msg->foot)
[29.909s]       |                                                                [01;31m[K^[m[K
[29.910s]       |                                                                [32m[K;[m[K
[29.912s]   127 |         //print("SMOOTH MOVEMENT");
[29.913s]   128 |     [32m[K}[m[K
[29.914s]       |     [32m[K~[m[K                                                           
[29.915s] [01m[K/home/spider/ws/src/spider_driver/src/spider_driver/ControllerNode.cpp:[m[K At global scope:
[29.916s] [01m[K/home/spider/ws/src/spider_driver/src/spider_driver/ControllerNode.cpp:140:6:[m[K [01;31m[Kerror: [m[Kno declaration matches â€˜[01m[Kvoid controller::ControllerNode::move_servo(const int*, int*, spider_msgs::msg::SpiderLeg_<std::allocator<void> >::SharedPtr)[m[Kâ€™
[29.917s]   140 | void [01;31m[KControllerNode[m[K::move_servo(const int channels[3], int poses[3], const spider_msgs::msg::SpiderLeg::SharedPtr msg)
[29.919s]       |      [01;31m[K^~~~~~~~~~~~~~[m[K
[29.920s] In file included from [01m[K/home/spider/ws/src/spider_driver/src/spider_driver/ControllerNode.cpp:1[m[K:
[29.921s] [01m[K/home/spider/ws/src/spider_driver/include/spider_driver/ControllerNode.hpp:46:10:[m[K [01;36m[Knote: [m[Kcandidate is: â€˜[01m[Kvoid controller::ControllerNode::move_servo(const int*, double*, spider_msgs::msg::SpiderLeg_<std::allocator<void> >::SharedPtr)[m[Kâ€™
[29.922s]    46 |     void [01;36m[Kmove_servo[m[K(const int channels[3], double poses[3], const spider_msgs::msg::SpiderLeg::SharedPtr msg);
[29.923s]       |          [01;36m[K^~~~~~~~~~[m[K
[29.924s] [01m[K/home/spider/ws/src/spider_driver/include/spider_driver/ControllerNode.hpp:14:7:[m[K [01;36m[Knote: [m[Kâ€˜[01m[Kclass controller::ControllerNode[m[Kâ€™ defined here
[29.926s]    14 | class [01;36m[KControllerNode[m[K : public rclcpp::Node
[29.927s]       |       [01;36m[K^~~~~~~~~~~~~~[m[K
[56.103s] gmake[2]: *** [CMakeFiles/spider_driver.dir/build.make:76: CMakeFiles/spider_driver.dir/src/spider_driver/ControllerNode.cpp.o] Error 1
[56.173s] gmake[1]: *** [CMakeFiles/Makefile2:139: CMakeFiles/spider_driver.dir/all] Error 2
[56.174s] gmake: *** [Makefile:146: all] Error 2
[57.288s] Invoked command in '/home/spider/ws/build/spider_driver' returned '2': CMAKE_PREFIX_PATH=/home/spider/ws/install/spider_msgs:/home/spider/ws/install/i2c_pwm_board:/home/spider/ws/install/i2c_pwm_board_xmlrp:/home/spider/ws/install/xmlrpcpp:/home/spider/ws/install/spider_driver:/home/spider/ws/install/i2c_pwm_board_calibration:/home/spider/ws/install/i2c_pwm_board_msgs:/home/spider/ws/install/spider_control:/opt/ros/humble LD_LIBRARY_PATH=/home/spider/ws/install/spider_msgs/lib:/home/spider/ws/install/i2c_pwm_board_xmlrp/lib:/home/spider/ws/install/xmlrpcpp/lib:/home/spider/ws/install/spider_driver/lib:/home/spider/ws/install/i2c_pwm_board_msgs/lib:/opt/ros/humble/opt/rviz_ogre_vendor/lib:/opt/ros/humble/lib/aarch64-linux-gnu:/opt/ros/humble/lib /usr/bin/cmake --build /home/spider/ws/build/spider_driver -- -j4 -l4
