[0.241s] Invoking command in '/home/spider/ws/build/spider_driver': CMAKE_PREFIX_PATH=/home/spider/ws/install/spider_msgs:/home/spider/ws/install/i2c_pwm_board:/home/spider/ws/install/i2c_pwm_board_xmlrp:/home/spider/ws/install/xmlrpcpp:/home/spider/ws/install/spider_driver:/home/spider/ws/install/i2c_pwm_board_calibration:/home/spider/ws/install/i2c_pwm_board_msgs:/home/spider/ws/install/spider_control:/opt/ros/humble LD_LIBRARY_PATH=/home/spider/ws/install/spider_msgs/lib:/home/spider/ws/install/i2c_pwm_board_xmlrp/lib:/home/spider/ws/install/xmlrpcpp/lib:/home/spider/ws/install/spider_driver/lib:/home/spider/ws/install/i2c_pwm_board_msgs/lib:/opt/ros/humble/opt/rviz_ogre_vendor/lib:/opt/ros/humble/lib/aarch64-linux-gnu:/opt/ros/humble/lib /usr/bin/cmake --build /home/spider/ws/build/spider_driver -- -j4 -l4
[1.624s] [35m[1mConsolidate compiler generated dependencies of target spider_driver[0m
[2.177s] [ 25%] [32mBuilding CXX object CMakeFiles/spider_driver.dir/src/spider_driver/ControllerNode.cpp.o[0m
[30.812s] [01m[K/home/spider/ws/src/spider_driver/src/spider_driver/ControllerNode.cpp:[m[K In constructor â€˜[01m[Kcontroller::ControllerNode::ControllerNode()[m[Kâ€™:
[30.813s] [01m[K/home/spider/ws/src/spider_driver/src/spider_driver/ControllerNode.cpp:63:5:[m[K [01;31m[Kerror: [m[Kâ€˜[01m[Ktimer_[m[Kâ€™ was not declared in this scope; did you mean â€˜[01m[Ktimer_t[m[Kâ€™?
[30.814s]    63 |     [01;31m[Ktimer_[m[K = this->create_wall_timer(
[30.818s]       |     [01;31m[K^~~~~~[m[K
[30.819s]       |     [32m[Ktimer_t[m[K
[30.821s] [01m[K/home/spider/ws/src/spider_driver/src/spider_driver/ControllerNode.cpp:64:46:[m[K [01;31m[Kerror: [m[Kâ€˜[01m[Kupdate_servos[m[Kâ€™ is not a member of â€˜[01m[Kcontroller::ControllerNode[m[Kâ€™
[30.825s]    64 |             20ms, std::bind(&ControllerNode::[01;31m[Kupdate_servos[m[K, this));
[30.826s]       |                                              [01;31m[K^~~~~~~~~~~~~[m[K
[30.828s] [01m[K/home/spider/ws/src/spider_driver/src/spider_driver/ControllerNode.cpp:[m[K In member function â€˜[01m[Kvoid controller::ControllerNode::configure_all_servos()[m[Kâ€™:
[30.829s] [01m[K/home/spider/ws/src/spider_driver/src/spider_driver/ControllerNode.cpp:85:14:[m[K [01;31m[Kerror: [m[Kno match for call to â€˜[01m[K(controller::ControllerNode::configure_all_servos()::<lambda(const int*, double*, double*)>) (int [3], double [3])[m[Kâ€™
[30.830s]    85 |     [01;31m[Kset_group(pca_frontleft_,  frontleft_pose_,[m[K frontleft_target_);
[30.832s]       |     [01;31m[K~~~~~~~~~^~~~~~~~~~~~~~~~~~~~~~~~~~~~~~~~~~[m[K
[30.833s] [01m[K/home/spider/ws/src/spider_driver/src/spider_driver/ControllerNode.cpp:71:22:[m[K [01;36m[Knote: [m[Kcandidate: â€˜[01m[Kcontroller::ControllerNode::configure_all_servos()::<lambda(const int*, double*, double*)>[m[Kâ€™
[30.835s]    71 |     auto set_group = [01;36m[K[[m[K&](const int channels[3], double pose[3], double target[3]) {
[30.837s]       |                      [01;36m[K^[m[K
[30.838s] [01m[K/home/spider/ws/src/spider_driver/src/spider_driver/ControllerNode.cpp:71:22:[m[K [01;36m[Knote: [m[K  candidate expects 3 arguments, 2 provided
[30.839s] [01m[K/home/spider/ws/src/spider_driver/src/spider_driver/ControllerNode.cpp:86:14:[m[K [01;31m[Kerror: [m[Kno match for call to â€˜[01m[K(controller::ControllerNode::configure_all_servos()::<lambda(const int*, double*, double*)>) (int [3], double [3])[m[Kâ€™
[30.840s]    86 |     [01;31m[Kset_group(pca_frontright_, frontright_pose_,[m[K frontright_target_);
[30.842s]       |     [01;31m[K~~~~~~~~~^~~~~~~~~~~~~~~~~~~~~~~~~~~~~~~~~~~[m[K
[30.843s] [01m[K/home/spider/ws/src/spider_driver/src/spider_driver/ControllerNode.cpp:71:22:[m[K [01;36m[Knote: [m[Kcandidate: â€˜[01m[Kcontroller::ControllerNode::configure_all_servos()::<lambda(const int*, double*, double*)>[m[Kâ€™
[30.844s]    71 |     auto set_group = [01;36m[K[[m[K&](const int channels[3], double pose[3], double target[3]) {
[30.845s]       |                      [01;36m[K^[m[K
[30.846s] [01m[K/home/spider/ws/src/spider_driver/src/spider_driver/ControllerNode.cpp:71:22:[m[K [01;36m[Knote: [m[K  candidate expects 3 arguments, 2 provided
[30.848s] [01m[K/home/spider/ws/src/spider_driver/src/spider_driver/ControllerNode.cpp:87:14:[m[K [01;31m[Kerror: [m[Kno match for call to â€˜[01m[K(controller::ControllerNode::configure_all_servos()::<lambda(const int*, double*, double*)>) (int [3], double [3])[m[Kâ€™
[30.849s]    87 |     [01;31m[Kset_group(pca_backright_,  backright_pose_,[m[K backright_target_);
[30.850s]       |     [01;31m[K~~~~~~~~~^~~~~~~~~~~~~~~~~~~~~~~~~~~~~~~~~~[m[K
[30.851s] [01m[K/home/spider/ws/src/spider_driver/src/spider_driver/ControllerNode.cpp:71:22:[m[K [01;36m[Knote: [m[Kcandidate: â€˜[01m[Kcontroller::ControllerNode::configure_all_servos()::<lambda(const int*, double*, double*)>[m[Kâ€™
[30.854s]    71 |     auto set_group = [01;36m[K[[m[K&](const int channels[3], double pose[3], double target[3]) {
[30.856s]       |                      [01;36m[K^[m[K
[30.860s] [01m[K/home/spider/ws/src/spider_driver/src/spider_driver/ControllerNode.cpp:71:22:[m[K [01;36m[Knote: [m[K  candidate expects 3 arguments, 2 provided
[30.863s] [01m[K/home/spider/ws/src/spider_driver/src/spider_driver/ControllerNode.cpp:88:14:[m[K [01;31m[Kerror: [m[Kno match for call to â€˜[01m[K(controller::ControllerNode::configure_all_servos()::<lambda(const int*, double*, double*)>) (int [3], double [3])[m[Kâ€™
[30.865s]    88 |     [01;31m[Kset_group(pca_backleft_,   backleft_pose_)[m[K;
[30.867s]       |     [01;31m[K~~~~~~~~~^~~~~~~~~~~~~~~~~~~~~~~~~~~~~~~~~[m[K
[30.869s] [01m[K/home/spider/ws/src/spider_driver/src/spider_driver/ControllerNode.cpp:71:22:[m[K [01;36m[Knote: [m[Kcandidate: â€˜[01m[Kcontroller::ControllerNode::configure_all_servos()::<lambda(const int*, double*, double*)>[m[Kâ€™
[30.871s]    71 |     auto set_group = [01;36m[K[[m[K&](const int channels[3], double pose[3], double target[3]) {
[30.873s]       |                      [01;36m[K^[m[K
[30.875s] [01m[K/home/spider/ws/src/spider_driver/src/spider_driver/ControllerNode.cpp:71:22:[m[K [01;36m[Knote: [m[K  candidate expects 3 arguments, 2 provided
[30.876s] [01m[K/home/spider/ws/src/spider_driver/src/spider_driver/ControllerNode.cpp:[m[K In member function â€˜[01m[Kvoid controller::ControllerNode::frontleft(spider_msgs::msg::SpiderLeg_<std::allocator<void> >::SharedPtr)[m[Kâ€™:
[30.879s] [01m[K/home/spider/ws/src/spider_driver/src/spider_driver/ControllerNode.cpp:106:19:[m[K [01;31m[Kerror: [m[Kno matching function for call to â€˜[01m[Kcontroller::ControllerNode::move_servo(int [3], double [3], const SharedPtr&)[m[Kâ€™
[30.881s]   106 |         [01;31m[Kmove_servo(pca_frontleft_, frontleft_pose_, msg)[m[K;
[30.882s]       |         [01;31m[K~~~~~~~~~~^~~~~~~~~~~~~~~~~~~~~~~~~~~~~~~~~~~~~~[m[K
[30.884s] In file included from [01m[K/home/spider/ws/src/spider_driver/src/spider_driver/ControllerNode.cpp:1[m[K:
[30.885s] [01m[K/home/spider/ws/src/spider_driver/include/spider_driver/ControllerNode.hpp:51:10:[m[K [01;36m[Knote: [m[Kcandidate: â€˜[01m[Kvoid controller::ControllerNode::move_servo(const int*, spider_msgs::msg::SpiderLeg_<std::allocator<void> >::SharedPtr)[m[Kâ€™
[30.886s]    51 |     void [01;36m[Kmove_servo[m[K(const int channels[3], const spider_msgs::msg::SpiderLeg::SharedPtr msg);
[30.888s]       |          [01;36m[K^~~~~~~~~~[m[K
[30.890s] [01m[K/home/spider/ws/src/spider_driver/include/spider_driver/ControllerNode.hpp:51:10:[m[K [01;36m[Knote: [m[K  candidate expects 2 arguments, 3 provided
[30.891s] [01m[K/home/spider/ws/src/spider_driver/src/spider_driver/ControllerNode.cpp:[m[K In member function â€˜[01m[Kvoid controller::ControllerNode::frontright(spider_msgs::msg::SpiderLeg_<std::allocator<void> >::SharedPtr)[m[Kâ€™:
[30.893s] [01m[K/home/spider/ws/src/spider_driver/src/spider_driver/ControllerNode.cpp:117:19:[m[K [01;31m[Kerror: [m[Kno matching function for call to â€˜[01m[Kcontroller::ControllerNode::move_servo(int [3], double [3], const SharedPtr&)[m[Kâ€™
[30.895s]   117 |         [01;31m[Kmove_servo(pca_frontright_, frontright_pose_, msg)[m[K;
[30.897s]       |         [01;31m[K~~~~~~~~~~^~~~~~~~~~~~~~~~~~~~~~~~~~~~~~~~~~~~~~~~[m[K
[30.898s] In file included from [01m[K/home/spider/ws/src/spider_driver/src/spider_driver/ControllerNode.cpp:1[m[K:
[30.900s] [01m[K/home/spider/ws/src/spider_driver/include/spider_driver/ControllerNode.hpp:51:10:[m[K [01;36m[Knote: [m[Kcandidate: â€˜[01m[Kvoid controller::ControllerNode::move_servo(const int*, spider_msgs::msg::SpiderLeg_<std::allocator<void> >::SharedPtr)[m[Kâ€™
[30.901s]    51 |     void [01;36m[Kmove_servo[m[K(const int channels[3], const spider_msgs::msg::SpiderLeg::SharedPtr msg);
[30.903s]       |          [01;36m[K^~~~~~~~~~[m[K
[30.904s] [01m[K/home/spider/ws/src/spider_driver/include/spider_driver/ControllerNode.hpp:51:10:[m[K [01;36m[Knote: [m[K  candidate expects 2 arguments, 3 provided
[30.905s] [01m[K/home/spider/ws/src/spider_driver/src/spider_driver/ControllerNode.cpp:[m[K In member function â€˜[01m[Kvoid controller::ControllerNode::backright(spider_msgs::msg::SpiderLeg_<std::allocator<void> >::SharedPtr)[m[Kâ€™:
[30.907s] [01m[K/home/spider/ws/src/spider_driver/src/spider_driver/ControllerNode.cpp:128:19:[m[K [01;31m[Kerror: [m[Kno matching function for call to â€˜[01m[Kcontroller::ControllerNode::move_servo(int [3], double [3], const SharedPtr&)[m[Kâ€™
[30.909s]   128 |         [01;31m[Kmove_servo(pca_backright_, backright_pose_, msg)[m[K;
[30.912s]       |         [01;31m[K~~~~~~~~~~^~~~~~~~~~~~~~~~~~~~~~~~~~~~~~~~~~~~~~[m[K
[30.913s] In file included from [01m[K/home/spider/ws/src/spider_driver/src/spider_driver/ControllerNode.cpp:1[m[K:
[30.915s] [01m[K/home/spider/ws/src/spider_driver/include/spider_driver/ControllerNode.hpp:51:10:[m[K [01;36m[Knote: [m[Kcandidate: â€˜[01m[Kvoid controller::ControllerNode::move_servo(const int*, spider_msgs::msg::SpiderLeg_<std::allocator<void> >::SharedPtr)[m[Kâ€™
[30.917s]    51 |     void [01;36m[Kmove_servo[m[K(const int channels[3], const spider_msgs::msg::SpiderLeg::SharedPtr msg);
[30.919s]       |          [01;36m[K^~~~~~~~~~[m[K
[30.921s] [01m[K/home/spider/ws/src/spider_driver/include/spider_driver/ControllerNode.hpp:51:10:[m[K [01;36m[Knote: [m[K  candidate expects 2 arguments, 3 provided
[30.923s] [01m[K/home/spider/ws/src/spider_driver/src/spider_driver/ControllerNode.cpp:[m[K In member function â€˜[01m[Kvoid controller::ControllerNode::backleft(spider_msgs::msg::SpiderLeg_<std::allocator<void> >::SharedPtr)[m[Kâ€™:
[30.926s] [01m[K/home/spider/ws/src/spider_driver/src/spider_driver/ControllerNode.cpp:139:19:[m[K [01;31m[Kerror: [m[Kno matching function for call to â€˜[01m[Kcontroller::ControllerNode::move_servo(int [3], double [3], const SharedPtr&)[m[Kâ€™
[30.928s]   139 |         [01;31m[Kmove_servo(pca_backleft_, backleft_pose_, msg)[m[K;
[30.930s]       |         [01;31m[K~~~~~~~~~~^~~~~~~~~~~~~~~~~~~~~~~~~~~~~~~~~~~~[m[K
[30.932s] In file included from [01m[K/home/spider/ws/src/spider_driver/src/spider_driver/ControllerNode.cpp:1[m[K:
[30.935s] [01m[K/home/spider/ws/src/spider_driver/include/spider_driver/ControllerNode.hpp:51:10:[m[K [01;36m[Knote: [m[Kcandidate: â€˜[01m[Kvoid controller::ControllerNode::move_servo(const int*, spider_msgs::msg::SpiderLeg_<std::allocator<void> >::SharedPtr)[m[Kâ€™
[30.936s]    51 |     void [01;36m[Kmove_servo[m[K(const int channels[3], const spider_msgs::msg::SpiderLeg::SharedPtr msg);
[30.939s]       |          [01;36m[K^~~~~~~~~~[m[K
[30.941s] [01m[K/home/spider/ws/src/spider_driver/include/spider_driver/ControllerNode.hpp:51:10:[m[K [01;36m[Knote: [m[K  candidate expects 2 arguments, 3 provided
[36.370s] gmake[2]: *** [CMakeFiles/spider_driver.dir/build.make:76: CMakeFiles/spider_driver.dir/src/spider_driver/ControllerNode.cpp.o] Interrupt
[36.385s] gmake[1]: *** [CMakeFiles/Makefile2:139: CMakeFiles/spider_driver.dir/all] Interrupt
[36.386s] gmake: *** [Makefile:146: all] Interrupt
[36.540s] Invoked command in '/home/spider/ws/build/spider_driver' returned '-2': CMAKE_PREFIX_PATH=/home/spider/ws/install/spider_msgs:/home/spider/ws/install/i2c_pwm_board:/home/spider/ws/install/i2c_pwm_board_xmlrp:/home/spider/ws/install/xmlrpcpp:/home/spider/ws/install/spider_driver:/home/spider/ws/install/i2c_pwm_board_calibration:/home/spider/ws/install/i2c_pwm_board_msgs:/home/spider/ws/install/spider_control:/opt/ros/humble LD_LIBRARY_PATH=/home/spider/ws/install/spider_msgs/lib:/home/spider/ws/install/i2c_pwm_board_xmlrp/lib:/home/spider/ws/install/xmlrpcpp/lib:/home/spider/ws/install/spider_driver/lib:/home/spider/ws/install/i2c_pwm_board_msgs/lib:/opt/ros/humble/opt/rviz_ogre_vendor/lib:/opt/ros/humble/lib/aarch64-linux-gnu:/opt/ros/humble/lib /usr/bin/cmake --build /home/spider/ws/build/spider_driver -- -j4 -l4
