[35m[1mConsolidate compiler generated dependencies of target spider_driver[0m
[ 25%] [32mBuilding CXX object CMakeFiles/spider_driver.dir/src/spider_driver/ControllerNode.cpp.o[0m
[01m[K/home/spider/ws/src/spider_driver/src/spider_driver/ControllerNode.cpp:70:48:[m[K [01;31m[Kerror: [m[Kstray â€˜[01m[K#[m[Kâ€™ in program
   70 |     set_group(pca_frontleft_,  frontleft_pose);[01;31m[K#[m[Kinclude "spider_driver/ControllerNode.hpp"
      |                                                [01;31m[K^[m[K
[01m[K/home/spider/ws/src/spider_driver/src/spider_driver/ControllerNode.cpp:[m[K In member function â€˜[01m[Kvoid controller::ControllerNode::configure_all_servos()[m[Kâ€™:
[01m[K/home/spider/ws/src/spider_driver/src/spider_driver/ControllerNode.cpp:70:32:[m[K [01;31m[Kerror: [m[Kâ€˜[01m[Kfrontleft_pose[m[Kâ€™ was not declared in this scope; did you mean â€˜[01m[Kfrontleft_pose_[m[Kâ€™?
   70 |     set_group(pca_frontleft_,  [01;31m[Kfrontleft_pose[m[K);#include "spider_driver/ControllerNode.hpp"
      |                                [01;31m[K^~~~~~~~~~~~~~[m[K
      |                                [32m[Kfrontleft_pose_[m[K
[01m[K/home/spider/ws/src/spider_driver/src/spider_driver/ControllerNode.cpp:70:49:[m[K [01;31m[Kerror: [m[Kâ€˜[01m[Kinclude[m[Kâ€™ was not declared in this scope
   70 |     set_group(pca_frontleft_,  frontleft_pose);#[01;31m[Kinclude[m[K "spider_driver/ControllerNode.hpp"
      |                                                 [01;31m[K^~~~~~~[m[K
[01m[K/home/spider/ws/src/spider_driver/src/spider_driver/ControllerNode.cpp:244:32:[m[K [01;31m[Kerror: [m[Kâ€˜[01m[Kfrontright_pose[m[Kâ€™ was not declared in this scope; did you mean â€˜[01m[Kfrontright_pose_[m[Kâ€™?
  244 |     set_group(pca_frontright_, [01;31m[Kfrontright_pose[m[K);
      |                                [01;31m[K^~~~~~~~~~~~~~~[m[K
      |                                [32m[Kfrontright_pose_[m[K
[01m[K/home/spider/ws/src/spider_driver/src/spider_driver/ControllerNode.cpp:245:32:[m[K [01;31m[Kerror: [m[Kâ€˜[01m[Kbackright_pose[m[Kâ€™ was not declared in this scope; did you mean â€˜[01m[Kbackright_pose_[m[Kâ€™?
  245 |     set_group(pca_backright_,  [01;31m[Kbackright_pose[m[K);
      |                                [01;31m[K^~~~~~~~~~~~~~[m[K
      |                                [32m[Kbackright_pose_[m[K
[01m[K/home/spider/ws/src/spider_driver/src/spider_driver/ControllerNode.cpp:246:32:[m[K [01;31m[Kerror: [m[Kâ€˜[01m[Kbackleft_pose[m[Kâ€™ was not declared in this scope; did you mean â€˜[01m[Kbackleft_pose_[m[Kâ€™?
  246 |     set_group(pca_backleft_,   [01;31m[Kbackleft_pose[m[K);
      |                                [01;31m[K^~~~~~~~~~~~~[m[K
      |                                [32m[Kbackleft_pose_[m[K
[01m[K/home/spider/ws/src/spider_driver/src/spider_driver/ControllerNode.cpp:[m[K In member function â€˜[01m[Kvoid controller::ControllerNode::frontleft(spider_msgs::msg::SpiderLeg_<std::allocator<void> >::SharedPtr)[m[Kâ€™:
[01m[K/home/spider/ws/src/spider_driver/src/spider_driver/ControllerNode.cpp:256:14:[m[K [01;31m[Kerror: [m[Kâ€˜[01m[Kusing element_type = struct spider_msgs::msg::SpiderLeg_<std::allocator<void> >[m[Kâ€™ {aka â€˜[01m[Kstruct spider_msgs::msg::SpiderLeg_<std::allocator<void> >[m[Kâ€™} has no member named â€˜[01m[Ksmooth_flag[m[Kâ€™
  256 |     if (msg->[01;31m[Ksmooth_flag[m[K == 0) {
      |              [01;31m[K^~~~~~~~~~~[m[K
[01m[K/home/spider/ws/src/spider_driver/src/spider_driver/ControllerNode.cpp:259:5:[m[K [01;31m[Kerror: [m[Kâ€˜[01m[Kprint[m[Kâ€™ was not declared in this scope; did you mean â€˜[01m[Krint[m[Kâ€™?
  259 |     [01;31m[Kprint[m[K("SMOOTH MOVEMENT");
      |     [01;31m[K^~~~~[m[K
      |     [32m[Krint[m[K
[01m[K/home/spider/ws/src/spider_driver/src/spider_driver/ControllerNode.cpp:[m[K In member function â€˜[01m[Kvoid controller::ControllerNode::frontright(spider_msgs::msg::SpiderLeg_<std::allocator<void> >::SharedPtr)[m[Kâ€™:
[01m[K/home/spider/ws/src/spider_driver/src/spider_driver/ControllerNode.cpp:265:14:[m[K [01;31m[Kerror: [m[Kâ€˜[01m[Kusing element_type = struct spider_msgs::msg::SpiderLeg_<std::allocator<void> >[m[Kâ€™ {aka â€˜[01m[Kstruct spider_msgs::msg::SpiderLeg_<std::allocator<void> >[m[Kâ€™} has no member named â€˜[01m[Ksmooth_flag[m[Kâ€™
  265 |     if (msg->[01;31m[Ksmooth_flag[m[K == 0) {
      |              [01;31m[K^~~~~~~~~~~[m[K
[01m[K/home/spider/ws/src/spider_driver/src/spider_driver/ControllerNode.cpp:268:5:[m[K [01;31m[Kerror: [m[Kâ€˜[01m[Kprint[m[Kâ€™ was not declared in this scope; did you mean â€˜[01m[Krint[m[Kâ€™?
  268 |     [01;31m[Kprint[m[K("SMOOTH MOVEMENT");
      |     [01;31m[K^~~~~[m[K
      |     [32m[Krint[m[K
[01m[K/home/spider/ws/src/spider_driver/src/spider_driver/ControllerNode.cpp:[m[K In member function â€˜[01m[Kvoid controller::ControllerNode::backright(spider_msgs::msg::SpiderLeg_<std::allocator<void> >::SharedPtr)[m[Kâ€™:
[01m[K/home/spider/ws/src/spider_driver/src/spider_driver/ControllerNode.cpp:274:14:[m[K [01;31m[Kerror: [m[Kâ€˜[01m[Kusing element_type = struct spider_msgs::msg::SpiderLeg_<std::allocator<void> >[m[Kâ€™ {aka â€˜[01m[Kstruct spider_msgs::msg::SpiderLeg_<std::allocator<void> >[m[Kâ€™} has no member named â€˜[01m[Ksmooth_flag[m[Kâ€™
  274 |     if (msg->[01;31m[Ksmooth_flag[m[K == 0) {
      |              [01;31m[K^~~~~~~~~~~[m[K
[01m[K/home/spider/ws/src/spider_driver/src/spider_driver/ControllerNode.cpp:277:5:[m[K [01;31m[Kerror: [m[Kâ€˜[01m[Kprint[m[Kâ€™ was not declared in this scope; did you mean â€˜[01m[Krint[m[Kâ€™?
  277 |     [01;31m[Kprint[m[K("SMOOTH MOVEMENT");
      |     [01;31m[K^~~~~[m[K
      |     [32m[Krint[m[K
[01m[K/home/spider/ws/src/spider_driver/src/spider_driver/ControllerNode.cpp:[m[K In member function â€˜[01m[Kvoid controller::ControllerNode::backleft(spider_msgs::msg::SpiderLeg_<std::allocator<void> >::SharedPtr)[m[Kâ€™:
[01m[K/home/spider/ws/src/spider_driver/src/spider_driver/ControllerNode.cpp:283:14:[m[K [01;31m[Kerror: [m[Kâ€˜[01m[Kusing element_type = struct spider_msgs::msg::SpiderLeg_<std::allocator<void> >[m[Kâ€™ {aka â€˜[01m[Kstruct spider_msgs::msg::SpiderLeg_<std::allocator<void> >[m[Kâ€™} has no member named â€˜[01m[Ksmooth_flag[m[Kâ€™
  283 |     if (msg->[01;31m[Ksmooth_flag[m[K == 0) {
      |              [01;31m[K^~~~~~~~~~~[m[K
[01m[K/home/spider/ws/src/spider_driver/src/spider_driver/ControllerNode.cpp:286:5:[m[K [01;31m[Kerror: [m[Kâ€˜[01m[Kprint[m[Kâ€™ was not declared in this scope; did you mean â€˜[01m[Krint[m[Kâ€™?
  286 |     [01;31m[Kprint[m[K("SMOOTH MOVEMENT");
      |     [01;31m[K^~~~~[m[K
      |     [32m[Krint[m[K
gmake[2]: *** [CMakeFiles/spider_driver.dir/build.make:76: CMakeFiles/spider_driver.dir/src/spider_driver/ControllerNode.cpp.o] Error 1
gmake[1]: *** [CMakeFiles/Makefile2:139: CMakeFiles/spider_driver.dir/all] Error 2
gmake: *** [Makefile:146: all] Error 2
