[0.250s] Invoking command in '/home/spider/ws/build/spider_driver': CMAKE_PREFIX_PATH=/home/spider/ws/install/spider_msgs:/home/spider/ws/install/i2c_pwm_board:/home/spider/ws/install/i2c_pwm_board_xmlrp:/home/spider/ws/install/xmlrpcpp:/home/spider/ws/install/spider_driver:/home/spider/ws/install/i2c_pwm_board_calibration:/home/spider/ws/install/i2c_pwm_board_msgs:/home/spider/ws/install/spider_control:/opt/ros/humble LD_LIBRARY_PATH=/home/spider/ws/install/spider_msgs/lib:/home/spider/ws/install/i2c_pwm_board_xmlrp/lib:/home/spider/ws/install/xmlrpcpp/lib:/home/spider/ws/install/spider_driver/lib:/home/spider/ws/install/i2c_pwm_board_msgs/lib:/opt/ros/humble/opt/rviz_ogre_vendor/lib:/opt/ros/humble/lib/aarch64-linux-gnu:/opt/ros/humble/lib /usr/bin/cmake --build /home/spider/ws/build/spider_driver -- -j4 -l4
[0.911s] [35m[1mConsolidate compiler generated dependencies of target spider_driver[0m
[1.271s] [ 25%] [32mBuilding CXX object CMakeFiles/spider_driver.dir/src/spider_driver/ControllerNode.cpp.o[0m
[30.051s] [01m[K/home/spider/ws/src/spider_driver/src/spider_driver/ControllerNode.cpp:[m[K In member function â€˜[01m[Kvoid controller::ControllerNode::frontleft(spider_msgs::msg::SpiderLeg_<std::allocator<void> >::SharedPtr)[m[Kâ€™:
[30.055s] [01m[K/home/spider/ws/src/spider_driver/src/spider_driver/ControllerNode.cpp:123:14:[m[K [01;31m[Kerror: [m[Kâ€˜[01m[Kusing element_type = struct spider_msgs::msg::SpiderLeg_<std::allocator<void> >[m[Kâ€™ {aka â€˜[01m[Kstruct spider_msgs::msg::SpiderLeg_<std::allocator<void> >[m[Kâ€™} has no member named â€˜[01m[Ksmooth_flag[m[Kâ€™; did you mean â€˜[01m[Ksmooth_value[m[Kâ€™?
[30.058s]   123 |     if (msg->[01;31m[Ksmooth_flag[m[K == 0) {
[30.059s]       |              [01;31m[K^~~~~~~~~~~[m[K
[30.061s]       |              [32m[Ksmooth_value[m[K
[30.063s] [01m[K/home/spider/ws/src/spider_driver/src/spider_driver/ControllerNode.cpp:[m[K In member function â€˜[01m[Kvoid controller::ControllerNode::frontright(spider_msgs::msg::SpiderLeg_<std::allocator<void> >::SharedPtr)[m[Kâ€™:
[30.065s] [01m[K/home/spider/ws/src/spider_driver/src/spider_driver/ControllerNode.cpp:135:14:[m[K [01;31m[Kerror: [m[Kâ€˜[01m[Kusing element_type = struct spider_msgs::msg::SpiderLeg_<std::allocator<void> >[m[Kâ€™ {aka â€˜[01m[Kstruct spider_msgs::msg::SpiderLeg_<std::allocator<void> >[m[Kâ€™} has no member named â€˜[01m[Ksmooth_flag[m[Kâ€™; did you mean â€˜[01m[Ksmooth_value[m[Kâ€™?
[30.066s]   135 |     if (msg->[01;31m[Ksmooth_flag[m[K == 0) {
[30.067s]       |              [01;31m[K^~~~~~~~~~~[m[K
[30.069s]       |              [32m[Ksmooth_value[m[K
[30.070s] [01m[K/home/spider/ws/src/spider_driver/src/spider_driver/ControllerNode.cpp:[m[K In member function â€˜[01m[Kvoid controller::ControllerNode::backright(spider_msgs::msg::SpiderLeg_<std::allocator<void> >::SharedPtr)[m[Kâ€™:
[30.071s] [01m[K/home/spider/ws/src/spider_driver/src/spider_driver/ControllerNode.cpp:147:14:[m[K [01;31m[Kerror: [m[Kâ€˜[01m[Kusing element_type = struct spider_msgs::msg::SpiderLeg_<std::allocator<void> >[m[Kâ€™ {aka â€˜[01m[Kstruct spider_msgs::msg::SpiderLeg_<std::allocator<void> >[m[Kâ€™} has no member named â€˜[01m[Ksmooth_flag[m[Kâ€™; did you mean â€˜[01m[Ksmooth_value[m[Kâ€™?
[30.073s]   147 |     if (msg->[01;31m[Ksmooth_flag[m[K == 0) {
[30.075s]       |              [01;31m[K^~~~~~~~~~~[m[K
[30.077s]       |              [32m[Ksmooth_value[m[K
[30.079s] [01m[K/home/spider/ws/src/spider_driver/src/spider_driver/ControllerNode.cpp:[m[K In member function â€˜[01m[Kvoid controller::ControllerNode::backleft(spider_msgs::msg::SpiderLeg_<std::allocator<void> >::SharedPtr)[m[Kâ€™:
[30.082s] [01m[K/home/spider/ws/src/spider_driver/src/spider_driver/ControllerNode.cpp:159:14:[m[K [01;31m[Kerror: [m[Kâ€˜[01m[Kusing element_type = struct spider_msgs::msg::SpiderLeg_<std::allocator<void> >[m[Kâ€™ {aka â€˜[01m[Kstruct spider_msgs::msg::SpiderLeg_<std::allocator<void> >[m[Kâ€™} has no member named â€˜[01m[Ksmooth_flag[m[Kâ€™; did you mean â€˜[01m[Ksmooth_value[m[Kâ€™?
[30.084s]   159 |     if (msg->[01;31m[Ksmooth_flag[m[K == 0) {
[30.086s]       |              [01;31m[K^~~~~~~~~~~[m[K
[30.089s]       |              [32m[Ksmooth_value[m[K
[30.127s] [01m[K/home/spider/ws/src/spider_driver/src/spider_driver/ControllerNode.cpp:[m[K In lambda function:
[30.129s] [01m[K/home/spider/ws/src/spider_driver/src/spider_driver/ControllerNode.cpp:220:25:[m[K [01;31m[Kerror: [m[Kexpected â€˜[01m[K;[m[Kâ€™ before â€˜[01m[K}[m[Kâ€™ token
[30.131s]   220 |             alpha_ = 1.0
[30.133s]       |                         [01;31m[K^[m[K
[30.134s]       |                         [32m[K;[m[K
[30.136s]   221 |         [32m[K}[m[K else if (alpha_ <= 0.03) {
[30.137s]       |         [32m[K~[m[K                
[30.138s] [01m[K/home/spider/ws/src/spider_driver/src/spider_driver/ControllerNode.cpp:222:26:[m[K [01;31m[Kerror: [m[Kexpected â€˜[01m[K;[m[Kâ€™ before â€˜[01m[K}[m[Kâ€™ token
[30.140s]   222 |             alpha_ = 0.03
[30.141s]       |                          [01;31m[K^[m[K
[30.143s]       |                          [32m[K;[m[K
[30.144s]   223 |         [32m[K}[m[K
[30.145s]       |         [32m[K~[m[K                 
[60.391s] gmake[2]: *** [CMakeFiles/spider_driver.dir/build.make:76: CMakeFiles/spider_driver.dir/src/spider_driver/ControllerNode.cpp.o] Error 1
[60.860s] gmake[1]: *** [CMakeFiles/Makefile2:139: CMakeFiles/spider_driver.dir/all] Error 2
[60.909s] gmake: *** [Makefile:146: all] Error 2
[62.357s] Invoked command in '/home/spider/ws/build/spider_driver' returned '2': CMAKE_PREFIX_PATH=/home/spider/ws/install/spider_msgs:/home/spider/ws/install/i2c_pwm_board:/home/spider/ws/install/i2c_pwm_board_xmlrp:/home/spider/ws/install/xmlrpcpp:/home/spider/ws/install/spider_driver:/home/spider/ws/install/i2c_pwm_board_calibration:/home/spider/ws/install/i2c_pwm_board_msgs:/home/spider/ws/install/spider_control:/opt/ros/humble LD_LIBRARY_PATH=/home/spider/ws/install/spider_msgs/lib:/home/spider/ws/install/i2c_pwm_board_xmlrp/lib:/home/spider/ws/install/xmlrpcpp/lib:/home/spider/ws/install/spider_driver/lib:/home/spider/ws/install/i2c_pwm_board_msgs/lib:/opt/ros/humble/opt/rviz_ogre_vendor/lib:/opt/ros/humble/lib/aarch64-linux-gnu:/opt/ros/humble/lib /usr/bin/cmake --build /home/spider/ws/build/spider_driver -- -j4 -l4
