[01m[K/home/spider/ws/src/spider_driver/src/spider_driver/ControllerNode.cpp:[m[K In constructor â€˜[01m[Kcontroller::ControllerNode::ControllerNode()[m[Kâ€™:
[01m[K/home/spider/ws/src/spider_driver/src/spider_driver/ControllerNode.cpp:31:23:[m[K [01;31m[Kerror: [m[Kexpected identifier before numeric constant
   31 |     frontleft_pose = [[01;31m[K0[m[K, 0, 0]
      |                       [01;31m[K^[m[K
[01m[K/home/spider/ws/src/spider_driver/src/spider_driver/ControllerNode.cpp:31:24:[m[K [01;31m[Kerror: [m[Kexpected â€˜[01m[K][m[Kâ€™ before â€˜[01m[K,[m[Kâ€™ token
   31 |     frontleft_pose = [0[01;31m[K,[m[K 0, 0]
      |                        [01;31m[K^[m[K
      |                        [32m[K][m[K
[01m[K/home/spider/ws/src/spider_driver/src/spider_driver/ControllerNode.cpp:[m[K In lambda function:
[01m[K/home/spider/ws/src/spider_driver/src/spider_driver/ControllerNode.cpp:31:24:[m[K [01;31m[Kerror: [m[Kexpected â€˜[01m[K{[m[Kâ€™ before â€˜[01m[K,[m[Kâ€™ token
[01m[K/home/spider/ws/src/spider_driver/src/spider_driver/ControllerNode.cpp:[m[K In constructor â€˜[01m[Kcontroller::ControllerNode::ControllerNode()[m[Kâ€™:
[01m[K/home/spider/ws/src/spider_driver/src/spider_driver/ControllerNode.cpp:31:20:[m[K [01;31m[Kerror: [m[Kincompatible types in assignment of â€˜[01m[Kcontroller::ControllerNode::ControllerNode()::<lambda()>[m[Kâ€™ to â€˜[01m[Kint [3][m[Kâ€™
   31 |     frontleft_pose = [0, 0, 0]
gmake[2]: *** [CMakeFiles/spider_driver.dir/build.make:76: CMakeFiles/spider_driver.dir/src/spider_driver/ControllerNode.cpp.o] Error 1
gmake[1]: *** [CMakeFiles/Makefile2:139: CMakeFiles/spider_driver.dir/all] Error 2
gmake: *** [Makefile:146: all] Error 2
