[01m[K/home/spider/ws/src/spider_driver/src/spider_driver/ControllerNode.cpp:[m[K In member function â€˜[01m[Kvoid controller::ControllerNode::calibrate_callback(std::shared_ptr<spider_msgs::srv::ServoCalibrate_Request_<std::allocator<void> > >, std::shared_ptr<spider_msgs::srv::ServoCalibrate_Response_<std::allocator<void> > >)[m[Kâ€™:
[01m[K/home/spider/ws/src/spider_driver/src/spider_driver/ControllerNode.cpp:111:24:[m[K [01;31m[Kerror: [m[Kâ€˜[01m[Kusing element_type = struct spider_msgs::srv::ServoCalibrate_Request_<std::allocator<void> >[m[Kâ€™ {aka â€˜[01m[Kstruct spider_msgs::srv::ServoCalibrate_Request_<std::allocator<void> >[m[Kâ€™} has no member named â€˜[01m[Kpwm_value[m[Kâ€™
  111 |     int pwm = request->[01;31m[Kpwm_value[m[K;
      |                        [01;31m[K^~~~~~~~~[m[K
[01m[K/home/spider/ws/src/spider_driver/src/spider_driver/ControllerNode.cpp:128:32:[m[K [01;31m[Kerror: [m[Kâ€˜[01m[Kangle[m[Kâ€™ was not declared in this scope
  128 |     file << "  angle_rad: " << [01;31m[Kangle[m[K << "\n";
      |                                [01;31m[K^~~~~[m[K
gmake[2]: *** [CMakeFiles/spider_driver.dir/build.make:76: CMakeFiles/spider_driver.dir/src/spider_driver/ControllerNode.cpp.o] Error 1
gmake[1]: *** [CMakeFiles/Makefile2:139: CMakeFiles/spider_driver.dir/all] Error 2
gmake: *** [Makefile:146: all] Error 2
