[0.155s] Invoking command in '/home/spider/ws/build/spider_driver': CMAKE_PREFIX_PATH=/home/spider/ws/install/spider_msgs:/home/spider/ws/install/i2c_pwm_board:/home/spider/ws/install/i2c_pwm_board_xmlrp:/home/spider/ws/install/xmlrpcpp:/home/spider/ws/install/spider_driver:/home/spider/ws/install/i2c_pwm_board_calibration:/home/spider/ws/install/i2c_pwm_board_msgs:/home/spider/ws/install/spider_control:/opt/ros/humble LD_LIBRARY_PATH=/home/spider/ws/install/spider_msgs/lib:/home/spider/ws/install/i2c_pwm_board_xmlrp/lib:/home/spider/ws/install/xmlrpcpp/lib:/home/spider/ws/install/spider_driver/lib:/home/spider/ws/install/i2c_pwm_board_msgs/lib:/opt/ros/humble/opt/rviz_ogre_vendor/lib:/opt/ros/humble/lib/aarch64-linux-gnu:/opt/ros/humble/lib /usr/bin/cmake --build /home/spider/ws/build/spider_driver -- -j4 -l4
[0.697s] [35m[1mConsolidate compiler generated dependencies of target spider_driver[0m
[0.938s] [ 25%] [32mBuilding CXX object CMakeFiles/spider_driver.dir/src/spider_driver/ControllerNode.cpp.o[0m
[27.974s] [01m[K/home/spider/ws/src/spider_driver/src/spider_driver/ControllerNode.cpp:[m[K In member function â€˜[01m[Kvoid controller::ControllerNode::calibrate_callback(std::shared_ptr<spider_msgs::srv::ServoCalibrate_Request_<std::allocator<void> > >, std::shared_ptr<spider_msgs::srv::ServoCalibrate_Response_<std::allocator<void> > >)[m[Kâ€™:
[27.977s] [01m[K/home/spider/ws/src/spider_driver/src/spider_driver/ControllerNode.cpp:111:24:[m[K [01;31m[Kerror: [m[Kâ€˜[01m[Kusing element_type = struct spider_msgs::srv::ServoCalibrate_Request_<std::allocator<void> >[m[Kâ€™ {aka â€˜[01m[Kstruct spider_msgs::srv::ServoCalibrate_Request_<std::allocator<void> >[m[Kâ€™} has no member named â€˜[01m[Kpwm_value[m[Kâ€™
[27.978s]   111 |     int pwm = request->[01;31m[Kpwm_value[m[K;
[27.979s]       |                        [01;31m[K^~~~~~~~~[m[K
[28.020s] [01m[K/home/spider/ws/src/spider_driver/src/spider_driver/ControllerNode.cpp:128:32:[m[K [01;31m[Kerror: [m[Kâ€˜[01m[Kangle[m[Kâ€™ was not declared in this scope
[28.022s]   128 |     file << "  angle_rad: " << [01;31m[Kangle[m[K << "\n";
[28.023s]       |                                [01;31m[K^~~~~[m[K
[55.188s] gmake[2]: *** [CMakeFiles/spider_driver.dir/build.make:76: CMakeFiles/spider_driver.dir/src/spider_driver/ControllerNode.cpp.o] Error 1
[55.254s] gmake[1]: *** [CMakeFiles/Makefile2:139: CMakeFiles/spider_driver.dir/all] Error 2
[55.292s] gmake: *** [Makefile:146: all] Error 2
[56.751s] Invoked command in '/home/spider/ws/build/spider_driver' returned '2': CMAKE_PREFIX_PATH=/home/spider/ws/install/spider_msgs:/home/spider/ws/install/i2c_pwm_board:/home/spider/ws/install/i2c_pwm_board_xmlrp:/home/spider/ws/install/xmlrpcpp:/home/spider/ws/install/spider_driver:/home/spider/ws/install/i2c_pwm_board_calibration:/home/spider/ws/install/i2c_pwm_board_msgs:/home/spider/ws/install/spider_control:/opt/ros/humble LD_LIBRARY_PATH=/home/spider/ws/install/spider_msgs/lib:/home/spider/ws/install/i2c_pwm_board_xmlrp/lib:/home/spider/ws/install/xmlrpcpp/lib:/home/spider/ws/install/spider_driver/lib:/home/spider/ws/install/i2c_pwm_board_msgs/lib:/opt/ros/humble/opt/rviz_ogre_vendor/lib:/opt/ros/humble/lib/aarch64-linux-gnu:/opt/ros/humble/lib /usr/bin/cmake --build /home/spider/ws/build/spider_driver -- -j4 -l4
