[0.218s] Invoking command in '/home/spider/ws/build/spider_driver': CMAKE_PREFIX_PATH=/home/spider/ws/install/spider_msgs:/home/spider/ws/install/i2c_pwm_board:/home/spider/ws/install/i2c_pwm_board_xmlrp:/home/spider/ws/install/xmlrpcpp:/home/spider/ws/install/spider_driver:/home/spider/ws/install/i2c_pwm_board_calibration:/home/spider/ws/install/i2c_pwm_board_msgs:/home/spider/ws/install/spider_control:/opt/ros/humble LD_LIBRARY_PATH=/home/spider/ws/install/spider_msgs/lib:/home/spider/ws/install/i2c_pwm_board_xmlrp/lib:/home/spider/ws/install/xmlrpcpp/lib:/home/spider/ws/install/spider_driver/lib:/home/spider/ws/install/i2c_pwm_board_msgs/lib:/opt/ros/humble/opt/rviz_ogre_vendor/lib:/opt/ros/humble/lib/aarch64-linux-gnu:/opt/ros/humble/lib /usr/bin/cmake --build /home/spider/ws/build/spider_driver -- -j4 -l4
[1.341s] [35m[1mConsolidate compiler generated dependencies of target spider_driver[0m
[1.760s] [ 25%] [32mBuilding CXX object CMakeFiles/spider_driver.dir/src/spider_driver/ControllerNode.cpp.o[0m
[30.317s] [01m[K/home/spider/ws/src/spider_driver/src/spider_driver/ControllerNode.cpp:[m[K In member function â€˜[01m[Kvoid controller::ControllerNode::configure_all_servos()[m[Kâ€™:
[30.318s] [01m[K/home/spider/ws/src/spider_driver/src/spider_driver/ControllerNode.cpp:73:32:[m[K [01;31m[Kerror: [m[Kâ€˜[01m[Kfrontleft_pose[m[Kâ€™ was not declared in this scope; did you mean â€˜[01m[Kfrontleft_pose_[m[Kâ€™?
[30.320s]    73 |     set_group(pca_frontleft_,  [01;31m[Kfrontleft_pose[m[K);
[30.321s]       |                                [01;31m[K^~~~~~~~~~~~~~[m[K
[30.322s]       |                                [32m[Kfrontleft_pose_[m[K
[30.360s] [01m[K/home/spider/ws/src/spider_driver/src/spider_driver/ControllerNode.cpp:74:32:[m[K [01;31m[Kerror: [m[Kâ€˜[01m[Kfrontright_pose[m[Kâ€™ was not declared in this scope; did you mean â€˜[01m[Kfrontright_pose_[m[Kâ€™?
[30.361s]    74 |     set_group(pca_frontright_, [01;31m[Kfrontright_pose[m[K);
[30.362s]       |                                [01;31m[K^~~~~~~~~~~~~~~[m[K
[30.363s]       |                                [32m[Kfrontright_pose_[m[K
[30.402s] [01m[K/home/spider/ws/src/spider_driver/src/spider_driver/ControllerNode.cpp:75:32:[m[K [01;31m[Kerror: [m[Kâ€˜[01m[Kbackright_pose[m[Kâ€™ was not declared in this scope; did you mean â€˜[01m[Kbackright_pose_[m[Kâ€™?
[30.405s]    75 |     set_group(pca_backright_,  [01;31m[Kbackright_pose[m[K);
[30.406s]       |                                [01;31m[K^~~~~~~~~~~~~~[m[K
[30.407s]       |                                [32m[Kbackright_pose_[m[K
[30.443s] [01m[K/home/spider/ws/src/spider_driver/src/spider_driver/ControllerNode.cpp:76:32:[m[K [01;31m[Kerror: [m[Kâ€˜[01m[Kbackleft_pose[m[Kâ€™ was not declared in this scope; did you mean â€˜[01m[Kbackleft_pose_[m[Kâ€™?
[30.444s]    76 |     set_group(pca_backleft_,   [01;31m[Kbackleft_pose[m[K);
[30.446s]       |                                [01;31m[K^~~~~~~~~~~~~[m[K
[30.447s]       |                                [32m[Kbackleft_pose_[m[K
[55.891s] gmake[2]: *** [CMakeFiles/spider_driver.dir/build.make:76: CMakeFiles/spider_driver.dir/src/spider_driver/ControllerNode.cpp.o] Error 1
[56.054s] gmake[1]: *** [CMakeFiles/Makefile2:139: CMakeFiles/spider_driver.dir/all] Error 2
[56.146s] gmake: *** [Makefile:146: all] Error 2
[56.482s] Invoked command in '/home/spider/ws/build/spider_driver' returned '2': CMAKE_PREFIX_PATH=/home/spider/ws/install/spider_msgs:/home/spider/ws/install/i2c_pwm_board:/home/spider/ws/install/i2c_pwm_board_xmlrp:/home/spider/ws/install/xmlrpcpp:/home/spider/ws/install/spider_driver:/home/spider/ws/install/i2c_pwm_board_calibration:/home/spider/ws/install/i2c_pwm_board_msgs:/home/spider/ws/install/spider_control:/opt/ros/humble LD_LIBRARY_PATH=/home/spider/ws/install/spider_msgs/lib:/home/spider/ws/install/i2c_pwm_board_xmlrp/lib:/home/spider/ws/install/xmlrpcpp/lib:/home/spider/ws/install/spider_driver/lib:/home/spider/ws/install/i2c_pwm_board_msgs/lib:/opt/ros/humble/opt/rviz_ogre_vendor/lib:/opt/ros/humble/lib/aarch64-linux-gnu:/opt/ros/humble/lib /usr/bin/cmake --build /home/spider/ws/build/spider_driver -- -j4 -l4
