In file included from [01m[K/home/spider/ws/src/spider_driver/src/spider_driver/ControllerNode.cpp:1[m[K:
[01m[K/home/spider/ws/src/spider_driver/include/spider_driver/ControllerNode.hpp:53:44:[m[K [01;31m[Kerror: [m[Kâ€˜[01m[KSpiderSwitch[m[Kâ€™ is not a member of â€˜[01m[Kspider_msgs::msg[m[Kâ€™
   53 |     rclcpp::Subscription<spider_msgs::msg::[01;31m[KSpiderSwitch[m[K>::SharedPtr oe_value_;
      |                                            [01;31m[K^~~~~~~~~~~~[m[K
[01m[K/home/spider/ws/src/spider_driver/include/spider_driver/ControllerNode.hpp:53:56:[m[K [01;31m[Kerror: [m[Ktemplate argument 1 is invalid
   53 |     rclcpp::Subscription<spider_msgs::msg::SpiderSwitch[01;31m[K>[m[K::SharedPtr oe_value_;
      |                                                        [01;31m[K^[m[K
[01m[K/home/spider/ws/src/spider_driver/include/spider_driver/ControllerNode.hpp:53:56:[m[K [01;31m[Kerror: [m[Ktemplate argument 3 is invalid
[01m[K/home/spider/ws/src/spider_driver/include/spider_driver/ControllerNode.hpp:53:56:[m[K [01;31m[Kerror: [m[Ktemplate argument 4 is invalid
[01m[K/home/spider/ws/src/spider_driver/include/spider_driver/ControllerNode.hpp:53:56:[m[K [01;31m[Kerror: [m[Ktemplate argument 5 is invalid
[01m[K/home/spider/ws/src/spider_driver/include/spider_driver/ControllerNode.hpp:53:59:[m[K [01;31m[Kerror: [m[Kexpected â€˜[01m[K;[m[Kâ€™ at end of member declaration
   53 |     rclcpp::Subscription<spider_msgs::msg::SpiderSwitch>::[01;31m[KSharedPtr[m[K oe_value_;
      |                                                           [01;31m[K^~~~~~~~~[m[K
      |                                                                    [32m[K;[m[K
[01m[K/home/spider/ws/src/spider_driver/include/spider_driver/ControllerNode.hpp:53:69:[m[K [01;31m[Kerror: [m[Kâ€˜[01m[Koe_value_[m[Kâ€™ does not name a type; did you mean â€˜[01m[Ksi_value[m[Kâ€™?
   53 |     rclcpp::Subscription<spider_msgs::msg::SpiderSwitch>::SharedPtr [01;31m[Koe_value_[m[K;
      |                                                                     [01;31m[K^~~~~~~~~[m[K
      |                                                                     [32m[Ksi_value[m[K
[01m[K/home/spider/ws/src/spider_driver/include/spider_driver/ControllerNode.hpp:54:37:[m[K [01;31m[Kerror: [m[Kâ€˜[01m[KSpiderSwitch[m[Kâ€™ in namespace â€˜[01m[Kspider_msgs::msg[m[Kâ€™ does not name a type
   54 |     void oe(const spider_msgs::msg::[01;31m[KSpiderSwitch[m[K::SharedPtr msg);
      |                                     [01;31m[K^~~~~~~~~~~~[m[K
[01m[K/home/spider/ws/src/spider_driver/include/spider_driver/ControllerNode.hpp:54:61:[m[K [01;31m[Kerror: [m[Kexpected unqualified-id before â€˜[01m[Kmsg[m[Kâ€™
   54 |     void oe(const spider_msgs::msg::SpiderSwitch::SharedPtr [01;31m[Kmsg[m[K);
      |                                                             [01;31m[K^~~[m[K
[01m[K/home/spider/ws/src/spider_driver/include/spider_driver/ControllerNode.hpp:54:60:[m[K [01;31m[Kerror: [m[Kexpected â€˜[01m[K)[m[Kâ€™ before â€˜[01m[Kmsg[m[Kâ€™
   54 |     void oe[34m[K([m[Kconst spider_msgs::msg::SpiderSwitch::SharedPtr[01;31m[K [m[K[32m[Kmsg[m[K);
      |            [34m[K~[m[K                                               [01;31m[K^[m[K[32m[K~~~[m[K
      |                                                            [32m[K)[m[K
[01m[K/home/spider/ws/src/spider_driver/include/spider_driver/ControllerNode.hpp:54:51:[m[K [01;31m[Kerror: [m[Kexpected â€˜[01m[K;[m[Kâ€™ at end of member declaration
   54 |     void oe(const spider_msgs::msg::SpiderSwitch::[01;31m[KSharedPtr[m[K msg);
      |                                                   [01;31m[K^~~~~~~~~[m[K
      |                                                            [32m[K;[m[K
[01m[K/home/spider/ws/src/spider_driver/include/spider_driver/ControllerNode.hpp:54:61:[m[K [01;31m[Kerror: [m[Kâ€˜[01m[Kmsg[m[Kâ€™ does not name a type
   54 |     void oe(const spider_msgs::msg::SpiderSwitch::SharedPtr [01;31m[Kmsg[m[K);
      |                                                             [01;31m[K^~~[m[K
[01m[K/home/spider/ws/src/spider_driver/src/spider_driver/ControllerNode.cpp:[m[K In constructor â€˜[01m[Kcontroller::ControllerNode::ControllerNode()[m[Kâ€™:
[01m[K/home/spider/ws/src/spider_driver/src/spider_driver/ControllerNode.cpp:79:5:[m[K [01;31m[Kerror: [m[Kâ€˜[01m[Koe_value_[m[Kâ€™ was not declared in this scope; did you mean â€˜[01m[Ksi_value[m[Kâ€™?
   79 |     [01;31m[Koe_value_[m[K = this->create_subscription<spider_msgs::msg::SpiderSwitch>(
      |     [01;31m[K^~~~~~~~~[m[K
      |     [32m[Ksi_value[m[K
[01m[K/home/spider/ws/src/spider_driver/src/spider_driver/ControllerNode.cpp:79:61:[m[K [01;31m[Kerror: [m[Kâ€˜[01m[KSpiderSwitch[m[Kâ€™ is not a member of â€˜[01m[Kspider_msgs::msg[m[Kâ€™
   79 |     oe_value_ = this->create_subscription<spider_msgs::msg::[01;31m[KSpiderSwitch[m[K>(
      |                                                             [01;31m[K^~~~~~~~~~~~[m[K
[01m[K/home/spider/ws/src/spider_driver/src/spider_driver/ControllerNode.cpp:79:74:[m[K [01;31m[Kerror: [m[Kno matching function for call to â€˜[01m[Kcontroller::ControllerNode::create_subscription<<expression error> >(const char [10], int, std::_Bind_helper<false, void (controller::ControllerNode::*)(...), controller::ControllerNode*, const std::_Placeholder<1>&>::type)[m[Kâ€™
   79 |     oe_value_ = [01;31m[Kthis->create_subscription<spider_msgs::msg::SpiderSwitch>([m[K
      |                 [01;31m[K~~~~~~~~~~~~~~~~~~~~~~~~~~~~~~~~~~~~~~~~~~~~~~~~~~~~~~~~~^[m[K
   80 | [01;31m[K        "/oe_value", 10, std::bind(&ControllerNode::oe, this, std::placeholders::_1))[m[K;
      |         [01;31m[K~~~~~~~~~~~~~~~~~~~~~~~~~~~~~~~~~~~~~~~~~~~~~~~~~~~~~~~~~~~~~~~~~~~~~~~~~~~~~[m[K
In file included from [01m[K/opt/ros/humble/include/rclcpp/rclcpp/node.hpp:1321[m[K,
                 from [01m[K/opt/ros/humble/include/rclcpp/rclcpp/executors/single_threaded_executor.hpp:28[m[K,
                 from [01m[K/opt/ros/humble/include/rclcpp/rclcpp/executors.hpp:22[m[K,
                 from [01m[K/opt/ros/humble/include/rclcpp/rclcpp/rclcpp.hpp:155[m[K,
                 from [01m[K/home/spider/ws/src/spider_driver/include/spider_driver/ControllerNode.hpp:4[m[K,
                 from [01m[K/home/spider/ws/src/spider_driver/src/spider_driver/ControllerNode.cpp:1[m[K:
[01m[K/opt/ros/humble/include/rclcpp/rclcpp/node_impl.hpp:92:1:[m[K [01;36m[Knote: [m[Kcandidate: â€˜[01m[Ktemplate<class MessageT, class CallbackT, class AllocatorT, class SubscriptionT, class MessageMemoryStrategyT> std::shared_ptr<ROSMessageT> rclcpp::Node::create_subscription(const string&, const rclcpp::QoS&, CallbackT&&, const rclcpp::SubscriptionOptionsWithAllocator<AllocatorT>&, typename MessageMemoryStrategyT::SharedPtr)[m[Kâ€™
   92 | [01;36m[KNode[m[K::create_subscription(
      | [01;36m[K^~~~[m[K
[01m[K/opt/ros/humble/include/rclcpp/rclcpp/node_impl.hpp:92:1:[m[K [01;36m[Knote: [m[K  template argument deduction/substitution failed:
[01m[K/home/spider/ws/src/spider_driver/src/spider_driver/ControllerNode.cpp:79:74:[m[K [01;31m[Kerror: [m[Ktemplate argument 1 is invalid
   79 |     oe_value_ = [01;31m[Kthis->create_subscription<spider_msgs::msg::SpiderSwitch>([m[K
      |                 [01;31m[K~~~~~~~~~~~~~~~~~~~~~~~~~~~~~~~~~~~~~~~~~~~~~~~~~~~~~~~~~^[m[K
   80 | [01;31m[K        "/oe_value", 10, std::bind(&ControllerNode::oe, this, std::placeholders::_1))[m[K;
      |         [01;31m[K~~~~~~~~~~~~~~~~~~~~~~~~~~~~~~~~~~~~~~~~~~~~~~~~~~~~~~~~~~~~~~~~~~~~~~~~~~~~~[m[K
[01m[K/home/spider/ws/src/spider_driver/src/spider_driver/ControllerNode.cpp:[m[K At global scope:
[01m[K/home/spider/ws/src/spider_driver/src/spider_driver/ControllerNode.cpp:198:49:[m[K [01;31m[Kerror: [m[Kâ€˜[01m[KSpiderSwitch[m[Kâ€™ in namespace â€˜[01m[Kspider_msgs::msg[m[Kâ€™ does not name a type
  198 | void ControllerNode::oe(const spider_msgs::msg::[01;31m[KSpiderSwitch[m[K::SharedPtr msg)
      |                                                 [01;31m[K^~~~~~~~~~~~[m[K
[01m[K/home/spider/ws/src/spider_driver/src/spider_driver/ControllerNode.cpp:198:73:[m[K [01;31m[Kerror: [m[Kexpected unqualified-id before â€˜[01m[Kmsg[m[Kâ€™
  198 | void ControllerNode::oe(const spider_msgs::msg::SpiderSwitch::SharedPtr [01;31m[Kmsg[m[K)
      |                                                                         [01;31m[K^~~[m[K
[01m[K/home/spider/ws/src/spider_driver/src/spider_driver/ControllerNode.cpp:198:72:[m[K [01;31m[Kerror: [m[Kexpected â€˜[01m[K)[m[Kâ€™ before â€˜[01m[Kmsg[m[Kâ€™
  198 | void ControllerNode::oe[34m[K([m[Kconst spider_msgs::msg::SpiderSwitch::SharedPtr[01;31m[K [m[K[32m[Kmsg[m[K)
      |                        [34m[K~[m[K                                               [01;31m[K^[m[K[32m[K~~~[m[K
      |                                                                        [32m[K)[m[K
[01m[K/home/spider/ws/src/spider_driver/src/spider_driver/ControllerNode.cpp:198:73:[m[K [01;31m[Kerror: [m[Kexpected initializer before â€˜[01m[Kmsg[m[Kâ€™
  198 | void ControllerNode::oe(const spider_msgs::msg::SpiderSwitch::SharedPtr [01;31m[Kmsg[m[K)
      |                                                                         [01;31m[K^~~[m[K
gmake[2]: *** [CMakeFiles/spider_driver.dir/build.make:76: CMakeFiles/spider_driver.dir/src/spider_driver/ControllerNode.cpp.o] Error 1
gmake[1]: *** [CMakeFiles/Makefile2:139: CMakeFiles/spider_driver.dir/all] Error 2
gmake: *** [Makefile:146: all] Error 2
