[0.214s] Invoking command in '/home/spider/ws/build/spider_driver': CMAKE_PREFIX_PATH=/home/spider/ws/install/spider_msgs:/home/spider/ws/install/i2c_pwm_board:/home/spider/ws/install/i2c_pwm_board_xmlrp:/home/spider/ws/install/xmlrpcpp:/home/spider/ws/install/spider_driver:/home/spider/ws/install/i2c_pwm_board_calibration:/home/spider/ws/install/i2c_pwm_board_msgs:/home/spider/ws/install/spider_control:/opt/ros/humble LD_LIBRARY_PATH=/home/spider/ws/install/spider_msgs/lib:/home/spider/ws/install/i2c_pwm_board_xmlrp/lib:/home/spider/ws/install/xmlrpcpp/lib:/home/spider/ws/install/spider_driver/lib:/home/spider/ws/install/i2c_pwm_board_msgs/lib:/opt/ros/humble/opt/rviz_ogre_vendor/lib:/opt/ros/humble/lib/aarch64-linux-gnu:/opt/ros/humble/lib /usr/bin/cmake --build /home/spider/ws/build/spider_driver -- -j4 -l4
[1.246s] [35m[1mConsolidate compiler generated dependencies of target spider_driver[0m
[1.606s] [ 25%] [32mBuilding CXX object CMakeFiles/spider_driver.dir/src/spider_driver/ControllerNode.cpp.o[0m
[29.721s] [01m[K/home/spider/ws/src/spider_driver/src/spider_driver/ControllerNode.cpp:[m[K In member function â€˜[01m[Kvoid controller::ControllerNode::configure_all_servos()[m[Kâ€™:
[29.722s] [01m[K/home/spider/ws/src/spider_driver/src/spider_driver/ControllerNode.cpp:70:32:[m[K [01;31m[Kerror: [m[Kâ€˜[01m[Kfrontleft_pose[m[Kâ€™ was not declared in this scope; did you mean â€˜[01m[Kfrontleft_pose_[m[Kâ€™?
[29.723s]    70 |     set_group(pca_frontleft_,  [01;31m[Kfrontleft_pose[m[K);
[29.724s]       |                                [01;31m[K^~~~~~~~~~~~~~[m[K
[29.725s]       |                                [32m[Kfrontleft_pose_[m[K
[29.763s] [01m[K/home/spider/ws/src/spider_driver/src/spider_driver/ControllerNode.cpp:71:32:[m[K [01;31m[Kerror: [m[Kâ€˜[01m[Kfrontright_pose[m[Kâ€™ was not declared in this scope; did you mean â€˜[01m[Kfrontright_pose_[m[Kâ€™?
[29.764s]    71 |     set_group(pca_frontright_, [01;31m[Kfrontright_pose[m[K);
[29.765s]       |                                [01;31m[K^~~~~~~~~~~~~~~[m[K
[29.766s]       |                                [32m[Kfrontright_pose_[m[K
[29.805s] [01m[K/home/spider/ws/src/spider_driver/src/spider_driver/ControllerNode.cpp:72:32:[m[K [01;31m[Kerror: [m[Kâ€˜[01m[Kbackright_pose[m[Kâ€™ was not declared in this scope; did you mean â€˜[01m[Kbackright_pose_[m[Kâ€™?
[29.807s]    72 |     set_group(pca_backright_,  [01;31m[Kbackright_pose[m[K);
[29.808s]       |                                [01;31m[K^~~~~~~~~~~~~~[m[K
[29.809s]       |                                [32m[Kbackright_pose_[m[K
[29.849s] [01m[K/home/spider/ws/src/spider_driver/src/spider_driver/ControllerNode.cpp:73:32:[m[K [01;31m[Kerror: [m[Kâ€˜[01m[Kbackleft_pose[m[Kâ€™ was not declared in this scope; did you mean â€˜[01m[Kbackleft_pose_[m[Kâ€™?
[29.851s]    73 |     set_group(pca_backleft_,   [01;31m[Kbackleft_pose[m[K);
[29.853s]       |                                [01;31m[K^~~~~~~~~~~~~[m[K
[29.854s]       |                                [32m[Kbackleft_pose_[m[K
[29.872s] [01m[K/home/spider/ws/src/spider_driver/src/spider_driver/ControllerNode.cpp:[m[K In member function â€˜[01m[Kvoid controller::ControllerNode::frontleft(spider_msgs::msg::SpiderLeg_<std::allocator<void> >::SharedPtr)[m[Kâ€™:
[29.875s] [01m[K/home/spider/ws/src/spider_driver/src/spider_driver/ControllerNode.cpp:83:14:[m[K [01;31m[Kerror: [m[Kâ€˜[01m[Kusing element_type = struct spider_msgs::msg::SpiderLeg_<std::allocator<void> >[m[Kâ€™ {aka â€˜[01m[Kstruct spider_msgs::msg::SpiderLeg_<std::allocator<void> >[m[Kâ€™} has no member named â€˜[01m[Ksmooth_flag[m[Kâ€™
[29.876s]    83 |     if (msg->[01;31m[Ksmooth_flag[m[K == 0) {
[29.877s]       |              [01;31m[K^~~~~~~~~~~[m[K
[29.878s] [01m[K/home/spider/ws/src/spider_driver/src/spider_driver/ControllerNode.cpp:84:15:[m[K [01;31m[Kerror: [m[Kno matching function for call to â€˜[01m[Kcontroller::ControllerNode::move_servo(int [3], int [3], const SharedPtr&)[m[Kâ€™
[29.879s]    84 |     [01;31m[Kmove_servo(pca_frontleft_, frontleft_pose_, msg)[m[K;
[29.881s]       |     [01;31m[K~~~~~~~~~~^~~~~~~~~~~~~~~~~~~~~~~~~~~~~~~~~~~~~~[m[K
[29.882s] In file included from [01m[K/home/spider/ws/src/spider_driver/src/spider_driver/ControllerNode.cpp:1[m[K:
[29.884s] [01m[K/home/spider/ws/src/spider_driver/include/spider_driver/ControllerNode.hpp:45:10:[m[K [01;36m[Knote: [m[Kcandidate: â€˜[01m[Kvoid controller::ControllerNode::move_servo(const int*, spider_msgs::msg::SpiderLeg_<std::allocator<void> >::SharedPtr)[m[Kâ€™
[29.885s]    45 |     void [01;36m[Kmove_servo[m[K(const int channels[3], const spider_msgs::msg::SpiderLeg::SharedPtr msg);
[29.886s]       |          [01;36m[K^~~~~~~~~~[m[K
[29.887s] [01m[K/home/spider/ws/src/spider_driver/include/spider_driver/ControllerNode.hpp:45:10:[m[K [01;36m[Knote: [m[K  candidate expects 2 arguments, 3 provided
[29.917s] [01m[K/home/spider/ws/src/spider_driver/src/spider_driver/ControllerNode.cpp:86:5:[m[K [01;31m[Kerror: [m[Kâ€˜[01m[Kprint[m[Kâ€™ was not declared in this scope; did you mean â€˜[01m[Krint[m[Kâ€™?
[29.919s]    86 |     [01;31m[Kprint[m[K("SMOOTH MOVEMENT");
[29.920s]       |     [01;31m[K^~~~~[m[K
[29.921s]       |     [32m[Krint[m[K
[29.922s] [01m[K/home/spider/ws/src/spider_driver/src/spider_driver/ControllerNode.cpp:[m[K In member function â€˜[01m[Kvoid controller::ControllerNode::frontright(spider_msgs::msg::SpiderLeg_<std::allocator<void> >::SharedPtr)[m[Kâ€™:
[29.923s] [01m[K/home/spider/ws/src/spider_driver/src/spider_driver/ControllerNode.cpp:92:14:[m[K [01;31m[Kerror: [m[Kâ€˜[01m[Kusing element_type = struct spider_msgs::msg::SpiderLeg_<std::allocator<void> >[m[Kâ€™ {aka â€˜[01m[Kstruct spider_msgs::msg::SpiderLeg_<std::allocator<void> >[m[Kâ€™} has no member named â€˜[01m[Ksmooth_flag[m[Kâ€™
[29.924s]    92 |     if (msg->[01;31m[Ksmooth_flag[m[K == 0) {
[29.926s]       |              [01;31m[K^~~~~~~~~~~[m[K
[29.927s] [01m[K/home/spider/ws/src/spider_driver/src/spider_driver/ControllerNode.cpp:93:15:[m[K [01;31m[Kerror: [m[Kno matching function for call to â€˜[01m[Kcontroller::ControllerNode::move_servo(int [3], int [3], const SharedPtr&)[m[Kâ€™
[29.928s]    93 |     [01;31m[Kmove_servo(pca_frontright_, frontright_pose_, msg)[m[K;
[29.929s]       |     [01;31m[K~~~~~~~~~~^~~~~~~~~~~~~~~~~~~~~~~~~~~~~~~~~~~~~~~~[m[K
[29.930s] In file included from [01m[K/home/spider/ws/src/spider_driver/src/spider_driver/ControllerNode.cpp:1[m[K:
[29.931s] [01m[K/home/spider/ws/src/spider_driver/include/spider_driver/ControllerNode.hpp:45:10:[m[K [01;36m[Knote: [m[Kcandidate: â€˜[01m[Kvoid controller::ControllerNode::move_servo(const int*, spider_msgs::msg::SpiderLeg_<std::allocator<void> >::SharedPtr)[m[Kâ€™
[29.932s]    45 |     void [01;36m[Kmove_servo[m[K(const int channels[3], const spider_msgs::msg::SpiderLeg::SharedPtr msg);
[29.933s]       |          [01;36m[K^~~~~~~~~~[m[K
[29.934s] [01m[K/home/spider/ws/src/spider_driver/include/spider_driver/ControllerNode.hpp:45:10:[m[K [01;36m[Knote: [m[K  candidate expects 2 arguments, 3 provided
[29.963s] [01m[K/home/spider/ws/src/spider_driver/src/spider_driver/ControllerNode.cpp:95:5:[m[K [01;31m[Kerror: [m[Kâ€˜[01m[Kprint[m[Kâ€™ was not declared in this scope; did you mean â€˜[01m[Krint[m[Kâ€™?
[29.965s]    95 |     [01;31m[Kprint[m[K("SMOOTH MOVEMENT");
[29.966s]       |     [01;31m[K^~~~~[m[K
[29.967s]       |     [32m[Krint[m[K
[29.968s] [01m[K/home/spider/ws/src/spider_driver/src/spider_driver/ControllerNode.cpp:[m[K In member function â€˜[01m[Kvoid controller::ControllerNode::backright(spider_msgs::msg::SpiderLeg_<std::allocator<void> >::SharedPtr)[m[Kâ€™:
[29.970s] [01m[K/home/spider/ws/src/spider_driver/src/spider_driver/ControllerNode.cpp:101:14:[m[K [01;31m[Kerror: [m[Kâ€˜[01m[Kusing element_type = struct spider_msgs::msg::SpiderLeg_<std::allocator<void> >[m[Kâ€™ {aka â€˜[01m[Kstruct spider_msgs::msg::SpiderLeg_<std::allocator<void> >[m[Kâ€™} has no member named â€˜[01m[Ksmooth_flag[m[Kâ€™
[29.971s]   101 |     if (msg->[01;31m[Ksmooth_flag[m[K == 0) {
[29.972s]       |              [01;31m[K^~~~~~~~~~~[m[K
[29.973s] [01m[K/home/spider/ws/src/spider_driver/src/spider_driver/ControllerNode.cpp:102:15:[m[K [01;31m[Kerror: [m[Kno matching function for call to â€˜[01m[Kcontroller::ControllerNode::move_servo(int [3], int [3], const SharedPtr&)[m[Kâ€™
[29.976s]   102 |     [01;31m[Kmove_servo(pca_backright_, backright_pose_, msg)[m[K;
[29.977s]       |     [01;31m[K~~~~~~~~~~^~~~~~~~~~~~~~~~~~~~~~~~~~~~~~~~~~~~~~[m[K
[29.978s] In file included from [01m[K/home/spider/ws/src/spider_driver/src/spider_driver/ControllerNode.cpp:1[m[K:
[29.979s] [01m[K/home/spider/ws/src/spider_driver/include/spider_driver/ControllerNode.hpp:45:10:[m[K [01;36m[Knote: [m[Kcandidate: â€˜[01m[Kvoid controller::ControllerNode::move_servo(const int*, spider_msgs::msg::SpiderLeg_<std::allocator<void> >::SharedPtr)[m[Kâ€™
[29.980s]    45 |     void [01;36m[Kmove_servo[m[K(const int channels[3], const spider_msgs::msg::SpiderLeg::SharedPtr msg);
[29.982s]       |          [01;36m[K^~~~~~~~~~[m[K
[29.983s] [01m[K/home/spider/ws/src/spider_driver/include/spider_driver/ControllerNode.hpp:45:10:[m[K [01;36m[Knote: [m[K  candidate expects 2 arguments, 3 provided
[30.013s] [01m[K/home/spider/ws/src/spider_driver/src/spider_driver/ControllerNode.cpp:104:5:[m[K [01;31m[Kerror: [m[Kâ€˜[01m[Kprint[m[Kâ€™ was not declared in this scope; did you mean â€˜[01m[Krint[m[Kâ€™?
[30.014s]   104 |     [01;31m[Kprint[m[K("SMOOTH MOVEMENT");
[30.015s]       |     [01;31m[K^~~~~[m[K
[30.016s]       |     [32m[Krint[m[K
[30.017s] [01m[K/home/spider/ws/src/spider_driver/src/spider_driver/ControllerNode.cpp:[m[K In member function â€˜[01m[Kvoid controller::ControllerNode::backleft(spider_msgs::msg::SpiderLeg_<std::allocator<void> >::SharedPtr)[m[Kâ€™:
[30.018s] [01m[K/home/spider/ws/src/spider_driver/src/spider_driver/ControllerNode.cpp:110:14:[m[K [01;31m[Kerror: [m[Kâ€˜[01m[Kusing element_type = struct spider_msgs::msg::SpiderLeg_<std::allocator<void> >[m[Kâ€™ {aka â€˜[01m[Kstruct spider_msgs::msg::SpiderLeg_<std::allocator<void> >[m[Kâ€™} has no member named â€˜[01m[Ksmooth_flag[m[Kâ€™
[30.019s]   110 |     if (msg->[01;31m[Ksmooth_flag[m[K == 0) {
[30.020s]       |              [01;31m[K^~~~~~~~~~~[m[K
[30.021s] [01m[K/home/spider/ws/src/spider_driver/src/spider_driver/ControllerNode.cpp:111:15:[m[K [01;31m[Kerror: [m[Kno matching function for call to â€˜[01m[Kcontroller::ControllerNode::move_servo(int [3], int [3], const SharedPtr&)[m[Kâ€™
[30.022s]   111 |     [01;31m[Kmove_servo(pca_backleft_, backleft_pose_, msg)[m[K;
[30.023s]       |     [01;31m[K~~~~~~~~~~^~~~~~~~~~~~~~~~~~~~~~~~~~~~~~~~~~~~[m[K
[30.024s] In file included from [01m[K/home/spider/ws/src/spider_driver/src/spider_driver/ControllerNode.cpp:1[m[K:
[30.026s] [01m[K/home/spider/ws/src/spider_driver/include/spider_driver/ControllerNode.hpp:45:10:[m[K [01;36m[Knote: [m[Kcandidate: â€˜[01m[Kvoid controller::ControllerNode::move_servo(const int*, spider_msgs::msg::SpiderLeg_<std::allocator<void> >::SharedPtr)[m[Kâ€™
[30.027s]    45 |     void [01;36m[Kmove_servo[m[K(const int channels[3], const spider_msgs::msg::SpiderLeg::SharedPtr msg);
[30.028s]       |          [01;36m[K^~~~~~~~~~[m[K
[30.029s] [01m[K/home/spider/ws/src/spider_driver/include/spider_driver/ControllerNode.hpp:45:10:[m[K [01;36m[Knote: [m[K  candidate expects 2 arguments, 3 provided
[30.054s] [01m[K/home/spider/ws/src/spider_driver/src/spider_driver/ControllerNode.cpp:113:5:[m[K [01;31m[Kerror: [m[Kâ€˜[01m[Kprint[m[Kâ€™ was not declared in this scope; did you mean â€˜[01m[Krint[m[Kâ€™?
[30.057s]   113 |     [01;31m[Kprint[m[K("SMOOTH MOVEMENT");
[30.059s]       |     [01;31m[K^~~~~[m[K
[30.060s]       |     [32m[Krint[m[K
[30.061s] [01m[K/home/spider/ws/src/spider_driver/src/spider_driver/ControllerNode.cpp:[m[K At global scope:
[30.062s] [01m[K/home/spider/ws/src/spider_driver/src/spider_driver/ControllerNode.cpp:126:6:[m[K [01;31m[Kerror: [m[Kno declaration matches â€˜[01m[Kvoid controller::ControllerNode::move_servo(const int*, int*, spider_msgs::msg::SpiderLeg_<std::allocator<void> >::SharedPtr)[m[Kâ€™
[30.063s]   126 | void [01;31m[KControllerNode[m[K::move_servo(const int channels[3], int poses[3], const spider_msgs::msg::SpiderLeg::SharedPtr msg)
[30.064s]       |      [01;31m[K^~~~~~~~~~~~~~[m[K
[30.065s] In file included from [01m[K/home/spider/ws/src/spider_driver/src/spider_driver/ControllerNode.cpp:1[m[K:
[30.066s] [01m[K/home/spider/ws/src/spider_driver/include/spider_driver/ControllerNode.hpp:45:10:[m[K [01;36m[Knote: [m[Kcandidate is: â€˜[01m[Kvoid controller::ControllerNode::move_servo(const int*, spider_msgs::msg::SpiderLeg_<std::allocator<void> >::SharedPtr)[m[Kâ€™
[30.068s]    45 |     void [01;36m[Kmove_servo[m[K(const int channels[3], const spider_msgs::msg::SpiderLeg::SharedPtr msg);
[30.070s]       |          [01;36m[K^~~~~~~~~~[m[K
[30.071s] [01m[K/home/spider/ws/src/spider_driver/include/spider_driver/ControllerNode.hpp:14:7:[m[K [01;36m[Knote: [m[Kâ€˜[01m[Kclass controller::ControllerNode[m[Kâ€™ defined here
[30.073s]    14 | class [01;36m[KControllerNode[m[K : public rclcpp::Node
[30.074s]       |       [01;36m[K^~~~~~~~~~~~~~[m[K
[56.471s] gmake[2]: *** [CMakeFiles/spider_driver.dir/build.make:76: CMakeFiles/spider_driver.dir/src/spider_driver/ControllerNode.cpp.o] Error 1
[56.601s] gmake[1]: *** [CMakeFiles/Makefile2:139: CMakeFiles/spider_driver.dir/all] Error 2
[56.603s] gmake: *** [Makefile:146: all] Error 2
[57.480s] Invoked command in '/home/spider/ws/build/spider_driver' returned '2': CMAKE_PREFIX_PATH=/home/spider/ws/install/spider_msgs:/home/spider/ws/install/i2c_pwm_board:/home/spider/ws/install/i2c_pwm_board_xmlrp:/home/spider/ws/install/xmlrpcpp:/home/spider/ws/install/spider_driver:/home/spider/ws/install/i2c_pwm_board_calibration:/home/spider/ws/install/i2c_pwm_board_msgs:/home/spider/ws/install/spider_control:/opt/ros/humble LD_LIBRARY_PATH=/home/spider/ws/install/spider_msgs/lib:/home/spider/ws/install/i2c_pwm_board_xmlrp/lib:/home/spider/ws/install/xmlrpcpp/lib:/home/spider/ws/install/spider_driver/lib:/home/spider/ws/install/i2c_pwm_board_msgs/lib:/opt/ros/humble/opt/rviz_ogre_vendor/lib:/opt/ros/humble/lib/aarch64-linux-gnu:/opt/ros/humble/lib /usr/bin/cmake --build /home/spider/ws/build/spider_driver -- -j4 -l4
