[0.263s] Invoking command in '/home/spider/ws/build/spider_driver': CMAKE_PREFIX_PATH=/home/spider/ws/install/spider_msgs:/home/spider/ws/install/i2c_pwm_board:/home/spider/ws/install/i2c_pwm_board_xmlrp:/home/spider/ws/install/xmlrpcpp:/home/spider/ws/install/spider_driver:/home/spider/ws/install/i2c_pwm_board_calibration:/home/spider/ws/install/i2c_pwm_board_msgs:/home/spider/ws/install/spider_control:/opt/ros/humble LD_LIBRARY_PATH=/home/spider/ws/install/spider_msgs/lib:/home/spider/ws/install/i2c_pwm_board_xmlrp/lib:/home/spider/ws/install/xmlrpcpp/lib:/home/spider/ws/install/spider_driver/lib:/home/spider/ws/install/i2c_pwm_board_msgs/lib:/opt/ros/humble/opt/rviz_ogre_vendor/lib:/opt/ros/humble/lib/aarch64-linux-gnu:/opt/ros/humble/lib /usr/bin/cmake --build /home/spider/ws/build/spider_driver -- -j4 -l4
[0.973s] [35m[1mConsolidate compiler generated dependencies of target spider_driver[0m
[1.218s] [ 25%] [32mBuilding CXX object CMakeFiles/spider_driver.dir/src/spider_driver/ControllerNode.cpp.o[0m
[27.062s] [01m[K/home/spider/ws/src/spider_driver/src/spider_driver/ControllerNode.cpp:[m[K In constructor â€˜[01m[Kcontroller::ControllerNode::ControllerNode()[m[Kâ€™:
[27.063s] [01m[K/home/spider/ws/src/spider_driver/src/spider_driver/ControllerNode.cpp:31:5:[m[K [01;31m[Kerror: [m[Kâ€˜[01m[Koe_enable[m[Kâ€™ was not declared in this scope
[27.065s]    31 |     [01;31m[Koe_enable[m[K();
[27.066s]       |     [01;31m[K^~~~~~~~~[m[K
[27.417s] [01m[K/home/spider/ws/src/spider_driver/src/spider_driver/ControllerNode.cpp:[m[K At global scope:
[27.419s] [01m[K/home/spider/ws/src/spider_driver/src/spider_driver/ControllerNode.cpp:222:6:[m[K [01;31m[Kerror: [m[Kno declaration matches â€˜[01m[Kvoid controller::ControllerNode::oe_enable()[m[Kâ€™
[27.421s]   222 | void [01;31m[KControllerNode[m[K::oe_enable() {
[27.422s]       |      [01;31m[K^~~~~~~~~~~~~~[m[K
[27.428s] [01m[K/home/spider/ws/src/spider_driver/src/spider_driver/ControllerNode.cpp:222:6:[m[K [01;36m[Knote: [m[Kno functions named â€˜[01m[Kvoid controller::ControllerNode::oe_enable()[m[Kâ€™
[27.434s] In file included from [01m[K/home/spider/ws/src/spider_driver/src/spider_driver/ControllerNode.cpp:1[m[K:
[27.437s] [01m[K/home/spider/ws/src/spider_driver/include/spider_driver/ControllerNode.hpp:15:7:[m[K [01;36m[Knote: [m[Kâ€˜[01m[Kclass controller::ControllerNode[m[Kâ€™ defined here
[27.439s]    15 | class [01;36m[KControllerNode[m[K : public rclcpp::Node
[27.440s]       |       [01;36m[K^~~~~~~~~~~~~~[m[K
[27.441s] [01m[K/home/spider/ws/src/spider_driver/src/spider_driver/ControllerNode.cpp:226:6:[m[K [01;31m[Kerror: [m[Kno declaration matches â€˜[01m[Kvoid controller::ControllerNode::oe_disable()[m[Kâ€™
[27.443s]   226 | void [01;31m[KControllerNode[m[K::oe_disable() {
[27.444s]       |      [01;31m[K^~~~~~~~~~~~~~[m[K
[27.446s] [01m[K/home/spider/ws/src/spider_driver/src/spider_driver/ControllerNode.cpp:226:6:[m[K [01;36m[Knote: [m[Kno functions named â€˜[01m[Kvoid controller::ControllerNode::oe_disable()[m[Kâ€™
[27.447s] In file included from [01m[K/home/spider/ws/src/spider_driver/src/spider_driver/ControllerNode.cpp:1[m[K:
[27.448s] [01m[K/home/spider/ws/src/spider_driver/include/spider_driver/ControllerNode.hpp:15:7:[m[K [01;36m[Knote: [m[Kâ€˜[01m[Kclass controller::ControllerNode[m[Kâ€™ defined here
[27.449s]    15 | class [01;36m[KControllerNode[m[K : public rclcpp::Node
[27.451s]       |       [01;36m[K^~~~~~~~~~~~~~[m[K
[54.657s] gmake[2]: *** [CMakeFiles/spider_driver.dir/build.make:76: CMakeFiles/spider_driver.dir/src/spider_driver/ControllerNode.cpp.o] Error 1
[54.751s] gmake[1]: *** [CMakeFiles/Makefile2:139: CMakeFiles/spider_driver.dir/all] Error 2
[54.752s] gmake: *** [Makefile:146: all] Error 2
[56.420s] Invoked command in '/home/spider/ws/build/spider_driver' returned '2': CMAKE_PREFIX_PATH=/home/spider/ws/install/spider_msgs:/home/spider/ws/install/i2c_pwm_board:/home/spider/ws/install/i2c_pwm_board_xmlrp:/home/spider/ws/install/xmlrpcpp:/home/spider/ws/install/spider_driver:/home/spider/ws/install/i2c_pwm_board_calibration:/home/spider/ws/install/i2c_pwm_board_msgs:/home/spider/ws/install/spider_control:/opt/ros/humble LD_LIBRARY_PATH=/home/spider/ws/install/spider_msgs/lib:/home/spider/ws/install/i2c_pwm_board_xmlrp/lib:/home/spider/ws/install/xmlrpcpp/lib:/home/spider/ws/install/spider_driver/lib:/home/spider/ws/install/i2c_pwm_board_msgs/lib:/opt/ros/humble/opt/rviz_ogre_vendor/lib:/opt/ros/humble/lib/aarch64-linux-gnu:/opt/ros/humble/lib /usr/bin/cmake --build /home/spider/ws/build/spider_driver -- -j4 -l4
